[2020-11-24 21:31:02,980] {taskinstance.py:670} INFO - Dependencies all met for <TaskInstance: treino-06-MySQL.start_processing 2020-11-25T00:30:29.657679+00:00 [queued]>
[2020-11-24 21:31:02,988] {taskinstance.py:670} INFO - Dependencies all met for <TaskInstance: treino-06-MySQL.start_processing 2020-11-25T00:30:29.657679+00:00 [queued]>
[2020-11-24 21:31:02,988] {taskinstance.py:880} INFO - 
--------------------------------------------------------------------------------
[2020-11-24 21:31:02,988] {taskinstance.py:881} INFO - Starting attempt 1 of 1
[2020-11-24 21:31:02,988] {taskinstance.py:882} INFO - 
--------------------------------------------------------------------------------
[2020-11-24 21:31:02,996] {taskinstance.py:901} INFO - Executing <Task(BashOperator): start_processing> on 2020-11-25T00:30:29.657679+00:00
[2020-11-24 21:31:02,998] {standard_task_runner.py:54} INFO - Started process 248342 to run task
[2020-11-24 21:31:03,081] {standard_task_runner.py:77} INFO - Running: ['airflow', 'run', 'treino-06-MySQL', 'start_processing', '2020-11-25T00:30:29.657679+00:00', '--job_id', '101', '--pool', 'default_pool', '--raw', '-sd', 'DAGS_FOLDER/treino06_mysql.py', '--cfg_path', '/tmp/tmp2f709qdl']
[2020-11-24 21:31:03,081] {standard_task_runner.py:78} INFO - Job 101: Subtask start_processing
[2020-11-24 21:31:03,098] {logging_mixin.py:112} INFO - Running %s on host %s <TaskInstance: treino-06-MySQL.start_processing 2020-11-25T00:30:29.657679+00:00 [running]> gaming
[2020-11-24 21:31:03,107] {bash_operator.py:113} INFO - Tmp dir root location: 
 /tmp
[2020-11-24 21:31:03,108] {bash_operator.py:134} INFO - Temporary script location: /tmp/airflowtmpfjmlqozo/start_processingsumchtki
[2020-11-24 21:31:03,108] {bash_operator.py:146} INFO - Running command: echo "Start processing!" 
[2020-11-24 21:31:03,115] {bash_operator.py:153} INFO - Output:
[2020-11-24 21:31:03,116] {bash_operator.py:157} INFO - Start processing!
[2020-11-24 21:31:03,116] {bash_operator.py:159} INFO - Command exited with return code 0
[2020-11-24 21:31:03,121] {taskinstance.py:1057} INFO - Marking task as SUCCESS.dag_id=treino-06-MySQL, task_id=start_processing, execution_date=20201125T003029, start_date=20201125T003102, end_date=20201125T003103
[2020-11-24 21:31:07,976] {local_task_job.py:102} INFO - Task exited with return code 0
