[2020-11-24 09:05:02,235] {taskinstance.py:670} INFO - Dependencies all met for <TaskInstance: treino-01.Hello_Bash 2020-11-24T11:00:00+00:00 [queued]>
[2020-11-24 09:05:02,248] {taskinstance.py:670} INFO - Dependencies all met for <TaskInstance: treino-01.Hello_Bash 2020-11-24T11:00:00+00:00 [queued]>
[2020-11-24 09:05:02,248] {taskinstance.py:880} INFO - 
--------------------------------------------------------------------------------
[2020-11-24 09:05:02,248] {taskinstance.py:881} INFO - Starting attempt 1 of 2
[2020-11-24 09:05:02,248] {taskinstance.py:882} INFO - 
--------------------------------------------------------------------------------
[2020-11-24 09:05:02,259] {taskinstance.py:901} INFO - Executing <Task(BashOperator): Hello_Bash> on 2020-11-24T11:00:00+00:00
[2020-11-24 09:05:02,260] {standard_task_runner.py:54} INFO - Started process 36390 to run task
[2020-11-24 09:05:02,279] {standard_task_runner.py:77} INFO - Running: ['airflow', 'run', 'treino-01', 'Hello_Bash', '2020-11-24T11:00:00+00:00', '--job_id', '4', '--pool', 'default_pool', '--raw', '-sd', 'DAGS_FOLDER/treino01.py', '--cfg_path', '/tmp/tmphinsk8mz']
[2020-11-24 09:05:02,279] {standard_task_runner.py:78} INFO - Job 4: Subtask Hello_Bash
[2020-11-24 09:05:02,297] {logging_mixin.py:112} INFO - Running %s on host %s <TaskInstance: treino-01.Hello_Bash 2020-11-24T11:00:00+00:00 [running]> gaming
[2020-11-24 09:05:02,308] {bash_operator.py:113} INFO - Tmp dir root location: 
 /tmp
[2020-11-24 09:05:02,308] {bash_operator.py:134} INFO - Temporary script location: /tmp/airflowtmp4epumhm0/Hello_Bash93hxs4q6
[2020-11-24 09:05:02,309] {bash_operator.py:146} INFO - Running command: echo "Hello Airflow from Bash"
[2020-11-24 09:05:02,313] {bash_operator.py:153} INFO - Output:
[2020-11-24 09:05:02,313] {bash_operator.py:157} INFO - Hello Airflow from Bash
[2020-11-24 09:05:02,314] {bash_operator.py:159} INFO - Command exited with return code 0
[2020-11-24 09:05:02,318] {taskinstance.py:1057} INFO - Marking task as SUCCESS.dag_id=treino-01, task_id=Hello_Bash, execution_date=20201124T110000, start_date=20201124T120502, end_date=20201124T120502
[2020-11-24 09:05:07,239] {local_task_job.py:102} INFO - Task exited with return code 0
