[2020-11-24 11:47:49,766] {taskinstance.py:670} INFO - Dependencies all met for <TaskInstance: treino-02.get-data 2020-11-24T11:12:00+00:00 [queued]>
[2020-11-24 11:47:49,773] {taskinstance.py:670} INFO - Dependencies all met for <TaskInstance: treino-02.get-data 2020-11-24T11:12:00+00:00 [queued]>
[2020-11-24 11:47:49,774] {taskinstance.py:880} INFO - 
--------------------------------------------------------------------------------
[2020-11-24 11:47:49,774] {taskinstance.py:881} INFO - Starting attempt 1 of 2
[2020-11-24 11:47:49,774] {taskinstance.py:882} INFO - 
--------------------------------------------------------------------------------
[2020-11-24 11:47:49,783] {taskinstance.py:901} INFO - Executing <Task(BashOperator): get-data> on 2020-11-24T11:12:00+00:00
[2020-11-24 11:47:49,785] {standard_task_runner.py:54} INFO - Started process 78498 to run task
[2020-11-24 11:47:49,803] {standard_task_runner.py:77} INFO - Running: ['airflow', 'run', 'treino-02', 'get-data', '2020-11-24T11:12:00+00:00', '--job_id', '39', '--pool', 'default_pool', '--raw', '-sd', 'DAGS_FOLDER/treino02.py', '--cfg_path', '/tmp/tmp6q3tcpi0']
[2020-11-24 11:47:49,803] {standard_task_runner.py:78} INFO - Job 39: Subtask get-data
[2020-11-24 11:47:49,877] {logging_mixin.py:112} INFO - Running %s on host %s <TaskInstance: treino-02.get-data 2020-11-24T11:12:00+00:00 [running]> gaming
[2020-11-24 11:47:49,887] {bash_operator.py:113} INFO - Tmp dir root location: 
 /tmp
[2020-11-24 11:47:49,888] {bash_operator.py:134} INFO - Temporary script location: /tmp/airflowtmpfxssiyb_/get-data2wkvauhm
[2020-11-24 11:47:49,888] {bash_operator.py:146} INFO - Running command: curl https://raw.githubusercontent.com/A3Data/hermione/master/hermione/file_text/train.csv -o ~/raw/train.csv
[2020-11-24 11:47:49,893] {bash_operator.py:153} INFO - Output:
[2020-11-24 11:47:49,897] {bash_operator.py:157} INFO -   % Total    % Received % Xferd  Average Speed   Time    Time     Time  Current
[2020-11-24 11:47:49,897] {bash_operator.py:157} INFO -                                  Dload  Upload   Total   Spent    Left  Speed
[2020-11-24 11:47:49,992] {bash_operator.py:157} INFO -   0     0    0     0    0     0      0      0 --:--:-- --:--:-- --:--:--     0Warning: Failed to create the file /home/thomaz/raw/train.csv: No such file or
[2020-11-24 11:47:49,992] {bash_operator.py:157} INFO - Warning: directory
[2020-11-24 11:47:49,993] {bash_operator.py:157} INFO -   2 60301    2  1371    0     0  14431      0  0:00:04 --:--:--  0:00:04 14431
[2020-11-24 11:47:49,996] {bash_operator.py:157} INFO - curl: (23) Failure writing output to destination
[2020-11-24 11:47:49,998] {bash_operator.py:159} INFO - Command exited with return code 23
[2020-11-24 11:47:50,015] {taskinstance.py:1150} ERROR - Bash command failed
Traceback (most recent call last):
  File "/home/thomaz/anaconda3/lib/python3.8/site-packages/airflow/models/taskinstance.py", line 984, in _run_raw_task
    result = task_copy.execute(context=context)
  File "/home/thomaz/anaconda3/lib/python3.8/site-packages/airflow/operators/bash_operator.py", line 165, in execute
    raise AirflowException("Bash command failed")
airflow.exceptions.AirflowException: Bash command failed
[2020-11-24 11:47:50,019] {taskinstance.py:1187} INFO - Marking task as UP_FOR_RETRY. dag_id=treino-02, task_id=get-data, execution_date=20201124T111200, start_date=20201124T144749, end_date=20201124T144750
[2020-11-24 11:47:54,770] {local_task_job.py:102} INFO - Task exited with return code 1
