[2020-11-24 11:49:55,079] {taskinstance.py:670} INFO - Dependencies all met for <TaskInstance: treino-02.get-data 2020-11-24T11:12:00+00:00 [queued]>
[2020-11-24 11:49:55,092] {taskinstance.py:670} INFO - Dependencies all met for <TaskInstance: treino-02.get-data 2020-11-24T11:12:00+00:00 [queued]>
[2020-11-24 11:49:55,092] {taskinstance.py:880} INFO - 
--------------------------------------------------------------------------------
[2020-11-24 11:49:55,092] {taskinstance.py:881} INFO - Starting attempt 2 of 2
[2020-11-24 11:49:55,093] {taskinstance.py:882} INFO - 
--------------------------------------------------------------------------------
[2020-11-24 11:49:55,103] {taskinstance.py:901} INFO - Executing <Task(BashOperator): get-data> on 2020-11-24T11:12:00+00:00
[2020-11-24 11:49:55,105] {standard_task_runner.py:54} INFO - Started process 79064 to run task
[2020-11-24 11:49:55,133] {standard_task_runner.py:77} INFO - Running: ['airflow', 'run', 'treino-02', 'get-data', '2020-11-24T11:12:00+00:00', '--job_id', '42', '--pool', 'default_pool', '--raw', '-sd', 'DAGS_FOLDER/treino02.py', '--cfg_path', '/tmp/tmpi29aur87']
[2020-11-24 11:49:55,134] {standard_task_runner.py:78} INFO - Job 42: Subtask get-data
[2020-11-24 11:49:55,215] {logging_mixin.py:112} INFO - Running %s on host %s <TaskInstance: treino-02.get-data 2020-11-24T11:12:00+00:00 [running]> gaming
[2020-11-24 11:49:55,226] {bash_operator.py:113} INFO - Tmp dir root location: 
 /tmp
[2020-11-24 11:49:55,227] {bash_operator.py:134} INFO - Temporary script location: /tmp/airflowtmps8a7vm22/get-datamj9kq1e1
[2020-11-24 11:49:55,227] {bash_operator.py:146} INFO - Running command: curl https://raw.githubusercontent.com/A3Data/hermione/master/hermione/file_text/train.csv -o ~/airflow/raw/train.csv
[2020-11-24 11:49:55,232] {bash_operator.py:153} INFO - Output:
[2020-11-24 11:49:55,235] {bash_operator.py:157} INFO -   % Total    % Received % Xferd  Average Speed   Time    Time     Time  Current
[2020-11-24 11:49:55,235] {bash_operator.py:157} INFO -                                  Dload  Upload   Total   Spent    Left  Speed
[2020-11-24 11:49:55,397] {bash_operator.py:157} INFO -   0     0    0     0    0     0      0      0 --:--:-- --:--:-- --:--:--     0100 60301  100 60301    0     0   363k      0 --:--:-- --:--:-- --:--:--  363k
[2020-11-24 11:49:55,399] {bash_operator.py:159} INFO - Command exited with return code 0
[2020-11-24 11:49:55,403] {taskinstance.py:1057} INFO - Marking task as SUCCESS.dag_id=treino-02, task_id=get-data, execution_date=20201124T111200, start_date=20201124T144955, end_date=20201124T144955
[2020-11-24 11:50:00,078] {local_task_job.py:102} INFO - Task exited with return code 0
