[2020-11-24 09:07:03,137] {taskinstance.py:670} INFO - Dependencies all met for <TaskInstance: treino-01.Hello_Bash 2020-11-24T11:04:00+00:00 [queued]>
[2020-11-24 09:07:03,147] {taskinstance.py:670} INFO - Dependencies all met for <TaskInstance: treino-01.Hello_Bash 2020-11-24T11:04:00+00:00 [queued]>
[2020-11-24 09:07:03,147] {taskinstance.py:880} INFO - 
--------------------------------------------------------------------------------
[2020-11-24 09:07:03,147] {taskinstance.py:881} INFO - Starting attempt 1 of 2
[2020-11-24 09:07:03,147] {taskinstance.py:882} INFO - 
--------------------------------------------------------------------------------
[2020-11-24 09:07:03,158] {taskinstance.py:901} INFO - Executing <Task(BashOperator): Hello_Bash> on 2020-11-24T11:04:00+00:00
[2020-11-24 09:07:03,161] {standard_task_runner.py:54} INFO - Started process 36913 to run task
[2020-11-24 09:07:03,180] {standard_task_runner.py:77} INFO - Running: ['airflow', 'run', 'treino-01', 'Hello_Bash', '2020-11-24T11:04:00+00:00', '--job_id', '7', '--pool', 'default_pool', '--raw', '-sd', 'DAGS_FOLDER/treino01.py', '--cfg_path', '/tmp/tmpigfj8_b0']
[2020-11-24 09:07:03,181] {standard_task_runner.py:78} INFO - Job 7: Subtask Hello_Bash
[2020-11-24 09:07:03,198] {logging_mixin.py:112} INFO - Running %s on host %s <TaskInstance: treino-01.Hello_Bash 2020-11-24T11:04:00+00:00 [running]> gaming
[2020-11-24 09:07:03,209] {bash_operator.py:113} INFO - Tmp dir root location: 
 /tmp
[2020-11-24 09:07:03,210] {bash_operator.py:134} INFO - Temporary script location: /tmp/airflowtmpbq4bf5va/Hello_Bashbz2ohw53
[2020-11-24 09:07:03,210] {bash_operator.py:146} INFO - Running command: echo "Hello Airflow from Bash"
[2020-11-24 09:07:03,215] {bash_operator.py:153} INFO - Output:
[2020-11-24 09:07:03,216] {bash_operator.py:157} INFO - Hello Airflow from Bash
[2020-11-24 09:07:03,216] {bash_operator.py:159} INFO - Command exited with return code 0
[2020-11-24 09:07:03,223] {taskinstance.py:1057} INFO - Marking task as SUCCESS.dag_id=treino-01, task_id=Hello_Bash, execution_date=20201124T110400, start_date=20201124T120703, end_date=20201124T120703
[2020-11-24 09:07:08,129] {local_task_job.py:102} INFO - Task exited with return code 0
