[2020-11-24 09:05:59,521] {taskinstance.py:670} INFO - Dependencies all met for <TaskInstance: treino-01.Hello_Bash 2020-11-24T11:02:00+00:00 [queued]>
[2020-11-24 09:05:59,531] {taskinstance.py:670} INFO - Dependencies all met for <TaskInstance: treino-01.Hello_Bash 2020-11-24T11:02:00+00:00 [queued]>
[2020-11-24 09:05:59,531] {taskinstance.py:880} INFO - 
--------------------------------------------------------------------------------
[2020-11-24 09:05:59,531] {taskinstance.py:881} INFO - Starting attempt 1 of 2
[2020-11-24 09:05:59,531] {taskinstance.py:882} INFO - 
--------------------------------------------------------------------------------
[2020-11-24 09:05:59,540] {taskinstance.py:901} INFO - Executing <Task(BashOperator): Hello_Bash> on 2020-11-24T11:02:00+00:00
[2020-11-24 09:05:59,542] {standard_task_runner.py:54} INFO - Started process 36676 to run task
[2020-11-24 09:05:59,561] {standard_task_runner.py:77} INFO - Running: ['airflow', 'run', 'treino-01', 'Hello_Bash', '2020-11-24T11:02:00+00:00', '--job_id', '5', '--pool', 'default_pool', '--raw', '-sd', 'DAGS_FOLDER/treino01.py', '--cfg_path', '/tmp/tmpgnqhovzz']
[2020-11-24 09:05:59,562] {standard_task_runner.py:78} INFO - Job 5: Subtask Hello_Bash
[2020-11-24 09:05:59,579] {logging_mixin.py:112} INFO - Running %s on host %s <TaskInstance: treino-01.Hello_Bash 2020-11-24T11:02:00+00:00 [running]> gaming
[2020-11-24 09:05:59,588] {bash_operator.py:113} INFO - Tmp dir root location: 
 /tmp
[2020-11-24 09:05:59,589] {bash_operator.py:134} INFO - Temporary script location: /tmp/airflowtmpiu8oigvb/Hello_Bashis0znu7z
[2020-11-24 09:05:59,589] {bash_operator.py:146} INFO - Running command: echo "Hello Airflow from Bash"
[2020-11-24 09:05:59,594] {bash_operator.py:153} INFO - Output:
[2020-11-24 09:05:59,595] {bash_operator.py:157} INFO - Hello Airflow from Bash
[2020-11-24 09:05:59,595] {bash_operator.py:159} INFO - Command exited with return code 0
[2020-11-24 09:05:59,599] {taskinstance.py:1057} INFO - Marking task as SUCCESS.dag_id=treino-01, task_id=Hello_Bash, execution_date=20201124T110200, start_date=20201124T120559, end_date=20201124T120559
[2020-11-24 09:06:04,522] {local_task_job.py:102} INFO - Task exited with return code 0
