[2020-11-24 11:18:47,293] {scheduler_job.py:154} INFO - Started process (PID=71295) to work on /home/thomaz/airflow/dags/treino02.py
[2020-11-24 11:18:47,295] {scheduler_job.py:1589} INFO - Processing file /home/thomaz/airflow/dags/treino02.py for tasks to queue
[2020-11-24 11:18:47,295] {logging_mixin.py:112} INFO - [2020-11-24 11:18:47,295] {dagbag.py:417} INFO - Filling up the DagBag from /home/thomaz/airflow/dags/treino02.py
[2020-11-24 11:18:47,498] {scheduler_job.py:1601} INFO - DAG(s) dict_keys(['treino-01']) retrieved from /home/thomaz/airflow/dags/treino02.py
[2020-11-24 11:18:47,513] {scheduler_job.py:162} INFO - Processing /home/thomaz/airflow/dags/treino02.py took 0.221 seconds
[2020-11-24 11:19:41,362] {scheduler_job.py:154} INFO - Started process (PID=71525) to work on /home/thomaz/airflow/dags/treino02.py
[2020-11-24 11:19:41,369] {scheduler_job.py:1589} INFO - Processing file /home/thomaz/airflow/dags/treino02.py for tasks to queue
[2020-11-24 11:19:41,370] {logging_mixin.py:112} INFO - [2020-11-24 11:19:41,370] {dagbag.py:417} INFO - Filling up the DagBag from /home/thomaz/airflow/dags/treino02.py
[2020-11-24 11:19:41,574] {scheduler_job.py:1601} INFO - DAG(s) dict_keys(['treino-01']) retrieved from /home/thomaz/airflow/dags/treino02.py
[2020-11-24 11:19:41,587] {scheduler_job.py:162} INFO - Processing /home/thomaz/airflow/dags/treino02.py took 0.224 seconds
[2020-11-24 11:20:35,414] {scheduler_job.py:154} INFO - Started process (PID=71756) to work on /home/thomaz/airflow/dags/treino02.py
[2020-11-24 11:20:35,419] {scheduler_job.py:1589} INFO - Processing file /home/thomaz/airflow/dags/treino02.py for tasks to queue
[2020-11-24 11:20:35,420] {logging_mixin.py:112} INFO - [2020-11-24 11:20:35,420] {dagbag.py:417} INFO - Filling up the DagBag from /home/thomaz/airflow/dags/treino02.py
[2020-11-24 11:20:35,622] {scheduler_job.py:1601} INFO - DAG(s) dict_keys(['treino-01']) retrieved from /home/thomaz/airflow/dags/treino02.py
[2020-11-24 11:20:35,634] {scheduler_job.py:162} INFO - Processing /home/thomaz/airflow/dags/treino02.py took 0.220 seconds
[2020-11-24 11:21:29,458] {scheduler_job.py:154} INFO - Started process (PID=71962) to work on /home/thomaz/airflow/dags/treino02.py
[2020-11-24 11:21:29,460] {scheduler_job.py:1589} INFO - Processing file /home/thomaz/airflow/dags/treino02.py for tasks to queue
[2020-11-24 11:21:29,460] {logging_mixin.py:112} INFO - [2020-11-24 11:21:29,460] {dagbag.py:417} INFO - Filling up the DagBag from /home/thomaz/airflow/dags/treino02.py
[2020-11-24 11:21:29,630] {scheduler_job.py:1601} INFO - DAG(s) dict_keys(['treino-01']) retrieved from /home/thomaz/airflow/dags/treino02.py
[2020-11-24 11:21:29,642] {scheduler_job.py:162} INFO - Processing /home/thomaz/airflow/dags/treino02.py took 0.184 seconds
[2020-11-24 11:22:23,524] {scheduler_job.py:154} INFO - Started process (PID=72199) to work on /home/thomaz/airflow/dags/treino02.py
[2020-11-24 11:22:23,530] {scheduler_job.py:1589} INFO - Processing file /home/thomaz/airflow/dags/treino02.py for tasks to queue
[2020-11-24 11:22:23,530] {logging_mixin.py:112} INFO - [2020-11-24 11:22:23,530] {dagbag.py:417} INFO - Filling up the DagBag from /home/thomaz/airflow/dags/treino02.py
[2020-11-24 11:22:23,739] {scheduler_job.py:1601} INFO - DAG(s) dict_keys(['treino-01']) retrieved from /home/thomaz/airflow/dags/treino02.py
[2020-11-24 11:22:23,753] {scheduler_job.py:162} INFO - Processing /home/thomaz/airflow/dags/treino02.py took 0.229 seconds
[2020-11-24 11:23:17,575] {scheduler_job.py:154} INFO - Started process (PID=72390) to work on /home/thomaz/airflow/dags/treino02.py
[2020-11-24 11:23:17,581] {scheduler_job.py:1589} INFO - Processing file /home/thomaz/airflow/dags/treino02.py for tasks to queue
[2020-11-24 11:23:17,581] {logging_mixin.py:112} INFO - [2020-11-24 11:23:17,581] {dagbag.py:417} INFO - Filling up the DagBag from /home/thomaz/airflow/dags/treino02.py
[2020-11-24 11:23:17,769] {scheduler_job.py:1601} INFO - DAG(s) dict_keys(['treino-01']) retrieved from /home/thomaz/airflow/dags/treino02.py
[2020-11-24 11:23:17,785] {scheduler_job.py:162} INFO - Processing /home/thomaz/airflow/dags/treino02.py took 0.210 seconds
[2020-11-24 11:24:11,632] {scheduler_job.py:154} INFO - Started process (PID=72606) to work on /home/thomaz/airflow/dags/treino02.py
[2020-11-24 11:24:11,635] {scheduler_job.py:1589} INFO - Processing file /home/thomaz/airflow/dags/treino02.py for tasks to queue
[2020-11-24 11:24:11,635] {logging_mixin.py:112} INFO - [2020-11-24 11:24:11,635] {dagbag.py:417} INFO - Filling up the DagBag from /home/thomaz/airflow/dags/treino02.py
[2020-11-24 11:24:11,805] {scheduler_job.py:1601} INFO - DAG(s) dict_keys(['treino-01']) retrieved from /home/thomaz/airflow/dags/treino02.py
[2020-11-24 11:24:11,817] {scheduler_job.py:162} INFO - Processing /home/thomaz/airflow/dags/treino02.py took 0.184 seconds
[2020-11-24 11:25:05,673] {scheduler_job.py:154} INFO - Started process (PID=72827) to work on /home/thomaz/airflow/dags/treino02.py
[2020-11-24 11:25:05,675] {scheduler_job.py:1589} INFO - Processing file /home/thomaz/airflow/dags/treino02.py for tasks to queue
[2020-11-24 11:25:05,676] {logging_mixin.py:112} INFO - [2020-11-24 11:25:05,676] {dagbag.py:417} INFO - Filling up the DagBag from /home/thomaz/airflow/dags/treino02.py
[2020-11-24 11:25:05,859] {scheduler_job.py:1601} INFO - DAG(s) dict_keys(['treino-01']) retrieved from /home/thomaz/airflow/dags/treino02.py
[2020-11-24 11:25:05,872] {scheduler_job.py:162} INFO - Processing /home/thomaz/airflow/dags/treino02.py took 0.199 seconds
[2020-11-24 11:25:59,739] {scheduler_job.py:154} INFO - Started process (PID=73055) to work on /home/thomaz/airflow/dags/treino02.py
[2020-11-24 11:25:59,742] {scheduler_job.py:1589} INFO - Processing file /home/thomaz/airflow/dags/treino02.py for tasks to queue
[2020-11-24 11:25:59,742] {logging_mixin.py:112} INFO - [2020-11-24 11:25:59,742] {dagbag.py:417} INFO - Filling up the DagBag from /home/thomaz/airflow/dags/treino02.py
[2020-11-24 11:25:59,916] {scheduler_job.py:1601} INFO - DAG(s) dict_keys(['treino-01']) retrieved from /home/thomaz/airflow/dags/treino02.py
[2020-11-24 11:25:59,929] {scheduler_job.py:162} INFO - Processing /home/thomaz/airflow/dags/treino02.py took 0.191 seconds
[2020-11-24 11:26:53,794] {scheduler_job.py:154} INFO - Started process (PID=73241) to work on /home/thomaz/airflow/dags/treino02.py
[2020-11-24 11:26:53,796] {scheduler_job.py:1589} INFO - Processing file /home/thomaz/airflow/dags/treino02.py for tasks to queue
[2020-11-24 11:26:53,797] {logging_mixin.py:112} INFO - [2020-11-24 11:26:53,797] {dagbag.py:417} INFO - Filling up the DagBag from /home/thomaz/airflow/dags/treino02.py
[2020-11-24 11:26:53,973] {scheduler_job.py:1601} INFO - DAG(s) dict_keys(['treino-01']) retrieved from /home/thomaz/airflow/dags/treino02.py
[2020-11-24 11:26:53,985] {scheduler_job.py:162} INFO - Processing /home/thomaz/airflow/dags/treino02.py took 0.191 seconds
[2020-11-24 11:27:47,841] {scheduler_job.py:154} INFO - Started process (PID=73454) to work on /home/thomaz/airflow/dags/treino02.py
[2020-11-24 11:27:47,843] {scheduler_job.py:1589} INFO - Processing file /home/thomaz/airflow/dags/treino02.py for tasks to queue
[2020-11-24 11:27:47,843] {logging_mixin.py:112} INFO - [2020-11-24 11:27:47,843] {dagbag.py:417} INFO - Filling up the DagBag from /home/thomaz/airflow/dags/treino02.py
[2020-11-24 11:27:48,029] {scheduler_job.py:1601} INFO - DAG(s) dict_keys(['treino-01']) retrieved from /home/thomaz/airflow/dags/treino02.py
[2020-11-24 11:27:48,042] {scheduler_job.py:162} INFO - Processing /home/thomaz/airflow/dags/treino02.py took 0.201 seconds
[2020-11-24 11:28:41,925] {scheduler_job.py:154} INFO - Started process (PID=73676) to work on /home/thomaz/airflow/dags/treino02.py
[2020-11-24 11:28:41,930] {scheduler_job.py:1589} INFO - Processing file /home/thomaz/airflow/dags/treino02.py for tasks to queue
[2020-11-24 11:28:41,930] {logging_mixin.py:112} INFO - [2020-11-24 11:28:41,930] {dagbag.py:417} INFO - Filling up the DagBag from /home/thomaz/airflow/dags/treino02.py
[2020-11-24 11:28:42,138] {scheduler_job.py:1601} INFO - DAG(s) dict_keys(['treino-01']) retrieved from /home/thomaz/airflow/dags/treino02.py
[2020-11-24 11:28:42,154] {scheduler_job.py:162} INFO - Processing /home/thomaz/airflow/dags/treino02.py took 0.229 seconds
[2020-11-24 11:29:35,960] {scheduler_job.py:154} INFO - Started process (PID=73907) to work on /home/thomaz/airflow/dags/treino02.py
[2020-11-24 11:29:35,964] {scheduler_job.py:1589} INFO - Processing file /home/thomaz/airflow/dags/treino02.py for tasks to queue
[2020-11-24 11:29:35,964] {logging_mixin.py:112} INFO - [2020-11-24 11:29:35,964] {dagbag.py:417} INFO - Filling up the DagBag from /home/thomaz/airflow/dags/treino02.py
[2020-11-24 11:29:36,176] {scheduler_job.py:1601} INFO - DAG(s) dict_keys(['treino-01']) retrieved from /home/thomaz/airflow/dags/treino02.py
[2020-11-24 11:29:36,191] {scheduler_job.py:162} INFO - Processing /home/thomaz/airflow/dags/treino02.py took 0.231 seconds
[2020-11-24 11:30:30,015] {scheduler_job.py:154} INFO - Started process (PID=74147) to work on /home/thomaz/airflow/dags/treino02.py
[2020-11-24 11:30:30,020] {scheduler_job.py:1589} INFO - Processing file /home/thomaz/airflow/dags/treino02.py for tasks to queue
[2020-11-24 11:30:30,021] {logging_mixin.py:112} INFO - [2020-11-24 11:30:30,021] {dagbag.py:417} INFO - Filling up the DagBag from /home/thomaz/airflow/dags/treino02.py
[2020-11-24 11:30:30,273] {scheduler_job.py:1601} INFO - DAG(s) dict_keys(['treino-01']) retrieved from /home/thomaz/airflow/dags/treino02.py
[2020-11-24 11:30:30,291] {scheduler_job.py:162} INFO - Processing /home/thomaz/airflow/dags/treino02.py took 0.276 seconds
[2020-11-24 11:31:24,083] {scheduler_job.py:154} INFO - Started process (PID=74390) to work on /home/thomaz/airflow/dags/treino02.py
[2020-11-24 11:31:24,089] {scheduler_job.py:1589} INFO - Processing file /home/thomaz/airflow/dags/treino02.py for tasks to queue
[2020-11-24 11:31:24,090] {logging_mixin.py:112} INFO - [2020-11-24 11:31:24,090] {dagbag.py:417} INFO - Filling up the DagBag from /home/thomaz/airflow/dags/treino02.py
[2020-11-24 11:31:24,289] {scheduler_job.py:1601} INFO - DAG(s) dict_keys(['treino-02']) retrieved from /home/thomaz/airflow/dags/treino02.py
[2020-11-24 11:31:24,292] {logging_mixin.py:112} INFO - [2020-11-24 11:31:24,292] {dag.py:1520} INFO - Creating ORM DAG for treino-02
[2020-11-24 11:31:24,302] {scheduler_job.py:162} INFO - Processing /home/thomaz/airflow/dags/treino02.py took 0.219 seconds
[2020-11-24 11:32:18,112] {scheduler_job.py:154} INFO - Started process (PID=74648) to work on /home/thomaz/airflow/dags/treino02.py
[2020-11-24 11:32:18,114] {scheduler_job.py:1589} INFO - Processing file /home/thomaz/airflow/dags/treino02.py for tasks to queue
[2020-11-24 11:32:18,115] {logging_mixin.py:112} INFO - [2020-11-24 11:32:18,115] {dagbag.py:417} INFO - Filling up the DagBag from /home/thomaz/airflow/dags/treino02.py
[2020-11-24 11:32:18,315] {scheduler_job.py:1601} INFO - DAG(s) dict_keys(['treino-02']) retrieved from /home/thomaz/airflow/dags/treino02.py
[2020-11-24 11:32:18,331] {scheduler_job.py:162} INFO - Processing /home/thomaz/airflow/dags/treino02.py took 0.219 seconds
[2020-11-24 11:33:12,196] {scheduler_job.py:154} INFO - Started process (PID=74833) to work on /home/thomaz/airflow/dags/treino02.py
[2020-11-24 11:33:12,200] {scheduler_job.py:1589} INFO - Processing file /home/thomaz/airflow/dags/treino02.py for tasks to queue
[2020-11-24 11:33:12,200] {logging_mixin.py:112} INFO - [2020-11-24 11:33:12,200] {dagbag.py:417} INFO - Filling up the DagBag from /home/thomaz/airflow/dags/treino02.py
[2020-11-24 11:33:12,414] {scheduler_job.py:1601} INFO - DAG(s) dict_keys(['treino-02']) retrieved from /home/thomaz/airflow/dags/treino02.py
[2020-11-24 11:33:12,430] {scheduler_job.py:162} INFO - Processing /home/thomaz/airflow/dags/treino02.py took 0.234 seconds
[2020-11-24 11:34:06,227] {scheduler_job.py:154} INFO - Started process (PID=75051) to work on /home/thomaz/airflow/dags/treino02.py
[2020-11-24 11:34:06,232] {scheduler_job.py:1589} INFO - Processing file /home/thomaz/airflow/dags/treino02.py for tasks to queue
[2020-11-24 11:34:06,233] {logging_mixin.py:112} INFO - [2020-11-24 11:34:06,233] {dagbag.py:417} INFO - Filling up the DagBag from /home/thomaz/airflow/dags/treino02.py
[2020-11-24 11:34:06,445] {scheduler_job.py:1601} INFO - DAG(s) dict_keys(['treino-02']) retrieved from /home/thomaz/airflow/dags/treino02.py
[2020-11-24 11:34:06,459] {scheduler_job.py:162} INFO - Processing /home/thomaz/airflow/dags/treino02.py took 0.232 seconds
[2020-11-24 11:35:00,300] {scheduler_job.py:154} INFO - Started process (PID=75306) to work on /home/thomaz/airflow/dags/treino02.py
[2020-11-24 11:35:00,305] {scheduler_job.py:1589} INFO - Processing file /home/thomaz/airflow/dags/treino02.py for tasks to queue
[2020-11-24 11:35:00,306] {logging_mixin.py:112} INFO - [2020-11-24 11:35:00,306] {dagbag.py:417} INFO - Filling up the DagBag from /home/thomaz/airflow/dags/treino02.py
[2020-11-24 11:35:00,516] {scheduler_job.py:1601} INFO - DAG(s) dict_keys(['treino-02']) retrieved from /home/thomaz/airflow/dags/treino02.py
[2020-11-24 11:35:00,530] {scheduler_job.py:162} INFO - Processing /home/thomaz/airflow/dags/treino02.py took 0.230 seconds
[2020-11-24 11:35:54,332] {scheduler_job.py:154} INFO - Started process (PID=75527) to work on /home/thomaz/airflow/dags/treino02.py
[2020-11-24 11:35:54,337] {scheduler_job.py:1589} INFO - Processing file /home/thomaz/airflow/dags/treino02.py for tasks to queue
[2020-11-24 11:35:54,337] {logging_mixin.py:112} INFO - [2020-11-24 11:35:54,337] {dagbag.py:417} INFO - Filling up the DagBag from /home/thomaz/airflow/dags/treino02.py
[2020-11-24 11:35:54,546] {scheduler_job.py:1601} INFO - DAG(s) dict_keys(['treino-02']) retrieved from /home/thomaz/airflow/dags/treino02.py
[2020-11-24 11:35:54,561] {scheduler_job.py:162} INFO - Processing /home/thomaz/airflow/dags/treino02.py took 0.228 seconds
[2020-11-24 11:36:48,409] {scheduler_job.py:154} INFO - Started process (PID=75714) to work on /home/thomaz/airflow/dags/treino02.py
[2020-11-24 11:36:48,413] {scheduler_job.py:1589} INFO - Processing file /home/thomaz/airflow/dags/treino02.py for tasks to queue
[2020-11-24 11:36:48,413] {logging_mixin.py:112} INFO - [2020-11-24 11:36:48,413] {dagbag.py:417} INFO - Filling up the DagBag from /home/thomaz/airflow/dags/treino02.py
[2020-11-24 11:36:48,614] {scheduler_job.py:1601} INFO - DAG(s) dict_keys(['treino-02']) retrieved from /home/thomaz/airflow/dags/treino02.py
[2020-11-24 11:36:48,628] {scheduler_job.py:162} INFO - Processing /home/thomaz/airflow/dags/treino02.py took 0.220 seconds
[2020-11-24 11:37:42,444] {scheduler_job.py:154} INFO - Started process (PID=75898) to work on /home/thomaz/airflow/dags/treino02.py
[2020-11-24 11:37:42,449] {scheduler_job.py:1589} INFO - Processing file /home/thomaz/airflow/dags/treino02.py for tasks to queue
[2020-11-24 11:37:42,450] {logging_mixin.py:112} INFO - [2020-11-24 11:37:42,450] {dagbag.py:417} INFO - Filling up the DagBag from /home/thomaz/airflow/dags/treino02.py
[2020-11-24 11:37:42,662] {scheduler_job.py:1601} INFO - DAG(s) dict_keys(['treino-02']) retrieved from /home/thomaz/airflow/dags/treino02.py
[2020-11-24 11:37:42,675] {scheduler_job.py:162} INFO - Processing /home/thomaz/airflow/dags/treino02.py took 0.232 seconds
[2020-11-24 11:38:36,489] {scheduler_job.py:154} INFO - Started process (PID=76107) to work on /home/thomaz/airflow/dags/treino02.py
[2020-11-24 11:38:36,492] {scheduler_job.py:1589} INFO - Processing file /home/thomaz/airflow/dags/treino02.py for tasks to queue
[2020-11-24 11:38:36,493] {logging_mixin.py:112} INFO - [2020-11-24 11:38:36,493] {dagbag.py:417} INFO - Filling up the DagBag from /home/thomaz/airflow/dags/treino02.py
[2020-11-24 11:38:36,756] {scheduler_job.py:1601} INFO - DAG(s) dict_keys(['treino-02']) retrieved from /home/thomaz/airflow/dags/treino02.py
[2020-11-24 11:38:36,775] {scheduler_job.py:162} INFO - Processing /home/thomaz/airflow/dags/treino02.py took 0.286 seconds
[2020-11-24 11:39:30,553] {scheduler_job.py:154} INFO - Started process (PID=76358) to work on /home/thomaz/airflow/dags/treino02.py
[2020-11-24 11:39:30,559] {scheduler_job.py:1589} INFO - Processing file /home/thomaz/airflow/dags/treino02.py for tasks to queue
[2020-11-24 11:39:30,560] {logging_mixin.py:112} INFO - [2020-11-24 11:39:30,559] {dagbag.py:417} INFO - Filling up the DagBag from /home/thomaz/airflow/dags/treino02.py
[2020-11-24 11:39:30,774] {scheduler_job.py:1601} INFO - DAG(s) dict_keys(['treino-02']) retrieved from /home/thomaz/airflow/dags/treino02.py
[2020-11-24 11:39:30,789] {scheduler_job.py:162} INFO - Processing /home/thomaz/airflow/dags/treino02.py took 0.235 seconds
[2020-11-24 11:40:24,607] {scheduler_job.py:154} INFO - Started process (PID=76608) to work on /home/thomaz/airflow/dags/treino02.py
[2020-11-24 11:40:24,613] {scheduler_job.py:1589} INFO - Processing file /home/thomaz/airflow/dags/treino02.py for tasks to queue
[2020-11-24 11:40:24,614] {logging_mixin.py:112} INFO - [2020-11-24 11:40:24,613] {dagbag.py:417} INFO - Filling up the DagBag from /home/thomaz/airflow/dags/treino02.py
[2020-11-24 11:40:24,830] {scheduler_job.py:1601} INFO - DAG(s) dict_keys(['treino-02']) retrieved from /home/thomaz/airflow/dags/treino02.py
[2020-11-24 11:40:24,843] {scheduler_job.py:162} INFO - Processing /home/thomaz/airflow/dags/treino02.py took 0.236 seconds
[2020-11-24 11:41:18,660] {scheduler_job.py:154} INFO - Started process (PID=76827) to work on /home/thomaz/airflow/dags/treino02.py
[2020-11-24 11:41:18,661] {scheduler_job.py:1589} INFO - Processing file /home/thomaz/airflow/dags/treino02.py for tasks to queue
[2020-11-24 11:41:18,662] {logging_mixin.py:112} INFO - [2020-11-24 11:41:18,661] {dagbag.py:417} INFO - Filling up the DagBag from /home/thomaz/airflow/dags/treino02.py
[2020-11-24 11:41:18,834] {scheduler_job.py:1601} INFO - DAG(s) dict_keys(['treino-02']) retrieved from /home/thomaz/airflow/dags/treino02.py
[2020-11-24 11:41:18,847] {scheduler_job.py:1305} INFO - Processing treino-02
[2020-11-24 11:41:18,870] {scheduler_job.py:1315} INFO - Created <DagRun treino-02 @ 2020-11-24T11:00:00+00:00: scheduled__2020-11-24T11:00:00+00:00, externally triggered: False>
[2020-11-24 11:41:18,872] {scheduler_job.py:771} INFO - Examining DAG run <DagRun treino-02 @ 2020-11-24 11:00:00+00:00: scheduled__2020-11-24T11:00:00+00:00, externally triggered: False>
[2020-11-24 11:41:18,886] {scheduler_job.py:459} INFO - Skipping SLA check for <DAG: treino-02> because no tasks in DAG have SLAs
[2020-11-24 11:41:18,888] {scheduler_job.py:1668} INFO - Creating / updating <TaskInstance: treino-02.get-data 2020-11-24 11:00:00+00:00 [scheduled]> in ORM
[2020-11-24 11:41:18,896] {scheduler_job.py:162} INFO - Processing /home/thomaz/airflow/dags/treino02.py took 0.236 seconds
[2020-11-24 11:42:17,914] {scheduler_job.py:154} INFO - Started process (PID=77054) to work on /home/thomaz/airflow/dags/treino02.py
[2020-11-24 11:42:17,916] {scheduler_job.py:1589} INFO - Processing file /home/thomaz/airflow/dags/treino02.py for tasks to queue
[2020-11-24 11:42:17,916] {logging_mixin.py:112} INFO - [2020-11-24 11:42:17,916] {dagbag.py:417} INFO - Filling up the DagBag from /home/thomaz/airflow/dags/treino02.py
[2020-11-24 11:42:18,081] {scheduler_job.py:1601} INFO - DAG(s) dict_keys(['treino-02']) retrieved from /home/thomaz/airflow/dags/treino02.py
[2020-11-24 11:42:18,095] {scheduler_job.py:1305} INFO - Processing treino-02
[2020-11-24 11:42:18,118] {scheduler_job.py:1315} INFO - Created <DagRun treino-02 @ 2020-11-24T11:02:00+00:00: scheduled__2020-11-24T11:02:00+00:00, externally triggered: False>
[2020-11-24 11:42:18,120] {scheduler_job.py:771} INFO - Examining DAG run <DagRun treino-02 @ 2020-11-24 11:00:00+00:00: scheduled__2020-11-24T11:00:00+00:00, externally triggered: False>
[2020-11-24 11:42:18,125] {scheduler_job.py:771} INFO - Examining DAG run <DagRun treino-02 @ 2020-11-24 11:02:00+00:00: scheduled__2020-11-24T11:02:00+00:00, externally triggered: False>
[2020-11-24 11:42:18,149] {scheduler_job.py:459} INFO - Skipping SLA check for <DAG: treino-02> because no tasks in DAG have SLAs
[2020-11-24 11:42:18,151] {scheduler_job.py:1668} INFO - Creating / updating <TaskInstance: treino-02.get-data 2020-11-24 11:02:00+00:00 [scheduled]> in ORM
[2020-11-24 11:42:18,157] {scheduler_job.py:162} INFO - Processing /home/thomaz/airflow/dags/treino02.py took 0.244 seconds
[2020-11-24 11:43:17,187] {scheduler_job.py:154} INFO - Started process (PID=77273) to work on /home/thomaz/airflow/dags/treino02.py
[2020-11-24 11:43:17,188] {scheduler_job.py:1589} INFO - Processing file /home/thomaz/airflow/dags/treino02.py for tasks to queue
[2020-11-24 11:43:17,189] {logging_mixin.py:112} INFO - [2020-11-24 11:43:17,188] {dagbag.py:417} INFO - Filling up the DagBag from /home/thomaz/airflow/dags/treino02.py
[2020-11-24 11:43:17,358] {scheduler_job.py:1601} INFO - DAG(s) dict_keys(['treino-02']) retrieved from /home/thomaz/airflow/dags/treino02.py
[2020-11-24 11:43:17,371] {scheduler_job.py:1305} INFO - Processing treino-02
[2020-11-24 11:43:17,400] {scheduler_job.py:1315} INFO - Created <DagRun treino-02 @ 2020-11-24T11:04:00+00:00: scheduled__2020-11-24T11:04:00+00:00, externally triggered: False>
[2020-11-24 11:43:17,402] {scheduler_job.py:771} INFO - Examining DAG run <DagRun treino-02 @ 2020-11-24 11:00:00+00:00: scheduled__2020-11-24T11:00:00+00:00, externally triggered: False>
[2020-11-24 11:43:17,408] {scheduler_job.py:771} INFO - Examining DAG run <DagRun treino-02 @ 2020-11-24 11:02:00+00:00: scheduled__2020-11-24T11:02:00+00:00, externally triggered: False>
[2020-11-24 11:43:17,416] {scheduler_job.py:771} INFO - Examining DAG run <DagRun treino-02 @ 2020-11-24 11:04:00+00:00: scheduled__2020-11-24T11:04:00+00:00, externally triggered: False>
[2020-11-24 11:43:17,448] {scheduler_job.py:459} INFO - Skipping SLA check for <DAG: treino-02> because no tasks in DAG have SLAs
[2020-11-24 11:43:17,450] {scheduler_job.py:1668} INFO - Creating / updating <TaskInstance: treino-02.get-data 2020-11-24 11:00:00+00:00 [scheduled]> in ORM
[2020-11-24 11:43:17,452] {scheduler_job.py:1668} INFO - Creating / updating <TaskInstance: treino-02.get-data 2020-11-24 11:04:00+00:00 [scheduled]> in ORM
[2020-11-24 11:43:17,460] {scheduler_job.py:162} INFO - Processing /home/thomaz/airflow/dags/treino02.py took 0.274 seconds
[2020-11-24 11:44:22,525] {scheduler_job.py:154} INFO - Started process (PID=77556) to work on /home/thomaz/airflow/dags/treino02.py
[2020-11-24 11:44:22,527] {scheduler_job.py:1589} INFO - Processing file /home/thomaz/airflow/dags/treino02.py for tasks to queue
[2020-11-24 11:44:22,527] {logging_mixin.py:112} INFO - [2020-11-24 11:44:22,527] {dagbag.py:417} INFO - Filling up the DagBag from /home/thomaz/airflow/dags/treino02.py
[2020-11-24 11:44:22,703] {scheduler_job.py:1601} INFO - DAG(s) dict_keys(['treino-02']) retrieved from /home/thomaz/airflow/dags/treino02.py
[2020-11-24 11:44:22,718] {scheduler_job.py:1305} INFO - Processing treino-02
[2020-11-24 11:44:22,742] {scheduler_job.py:1315} INFO - Created <DagRun treino-02 @ 2020-11-24T11:06:00+00:00: scheduled__2020-11-24T11:06:00+00:00, externally triggered: False>
[2020-11-24 11:44:22,744] {scheduler_job.py:771} INFO - Examining DAG run <DagRun treino-02 @ 2020-11-24 11:00:00+00:00: scheduled__2020-11-24T11:00:00+00:00, externally triggered: False>
[2020-11-24 11:44:22,759] {scheduler_job.py:771} INFO - Examining DAG run <DagRun treino-02 @ 2020-11-24 11:02:00+00:00: scheduled__2020-11-24T11:02:00+00:00, externally triggered: False>
[2020-11-24 11:44:22,765] {scheduler_job.py:771} INFO - Examining DAG run <DagRun treino-02 @ 2020-11-24 11:04:00+00:00: scheduled__2020-11-24T11:04:00+00:00, externally triggered: False>
[2020-11-24 11:44:22,771] {scheduler_job.py:771} INFO - Examining DAG run <DagRun treino-02 @ 2020-11-24 11:06:00+00:00: scheduled__2020-11-24T11:06:00+00:00, externally triggered: False>
[2020-11-24 11:44:22,815] {scheduler_job.py:459} INFO - Skipping SLA check for <DAG: treino-02> because no tasks in DAG have SLAs
[2020-11-24 11:44:22,818] {scheduler_job.py:1668} INFO - Creating / updating <TaskInstance: treino-02.get-data 2020-11-24 11:02:00+00:00 [scheduled]> in ORM
[2020-11-24 11:44:22,820] {scheduler_job.py:1668} INFO - Creating / updating <TaskInstance: treino-02.get-data 2020-11-24 11:06:00+00:00 [scheduled]> in ORM
[2020-11-24 11:44:22,828] {scheduler_job.py:162} INFO - Processing /home/thomaz/airflow/dags/treino02.py took 0.302 seconds
[2020-11-24 11:45:28,336] {scheduler_job.py:154} INFO - Started process (PID=77906) to work on /home/thomaz/airflow/dags/treino02.py
[2020-11-24 11:45:28,343] {scheduler_job.py:1589} INFO - Processing file /home/thomaz/airflow/dags/treino02.py for tasks to queue
[2020-11-24 11:45:28,344] {logging_mixin.py:112} INFO - [2020-11-24 11:45:28,344] {dagbag.py:417} INFO - Filling up the DagBag from /home/thomaz/airflow/dags/treino02.py
[2020-11-24 11:45:28,567] {scheduler_job.py:1601} INFO - DAG(s) dict_keys(['treino-02']) retrieved from /home/thomaz/airflow/dags/treino02.py
[2020-11-24 11:45:28,589] {scheduler_job.py:1305} INFO - Processing treino-02
[2020-11-24 11:45:28,617] {scheduler_job.py:1315} INFO - Created <DagRun treino-02 @ 2020-11-24T11:08:00+00:00: scheduled__2020-11-24T11:08:00+00:00, externally triggered: False>
[2020-11-24 11:45:28,619] {scheduler_job.py:771} INFO - Examining DAG run <DagRun treino-02 @ 2020-11-24 11:00:00+00:00: scheduled__2020-11-24T11:00:00+00:00, externally triggered: False>
[2020-11-24 11:45:28,627] {logging_mixin.py:112} INFO - [2020-11-24 11:45:28,627] {dagrun.py:311} INFO - Marking run <DagRun treino-02 @ 2020-11-24 11:00:00+00:00: scheduled__2020-11-24T11:00:00+00:00, externally triggered: False> failed
[2020-11-24 11:45:28,632] {scheduler_job.py:771} INFO - Examining DAG run <DagRun treino-02 @ 2020-11-24 11:02:00+00:00: scheduled__2020-11-24T11:02:00+00:00, externally triggered: False>
[2020-11-24 11:45:28,654] {scheduler_job.py:771} INFO - Examining DAG run <DagRun treino-02 @ 2020-11-24 11:04:00+00:00: scheduled__2020-11-24T11:04:00+00:00, externally triggered: False>
[2020-11-24 11:45:28,661] {scheduler_job.py:771} INFO - Examining DAG run <DagRun treino-02 @ 2020-11-24 11:06:00+00:00: scheduled__2020-11-24T11:06:00+00:00, externally triggered: False>
[2020-11-24 11:45:28,670] {scheduler_job.py:771} INFO - Examining DAG run <DagRun treino-02 @ 2020-11-24 11:08:00+00:00: scheduled__2020-11-24T11:08:00+00:00, externally triggered: False>
[2020-11-24 11:45:28,724] {scheduler_job.py:459} INFO - Skipping SLA check for <DAG: treino-02> because no tasks in DAG have SLAs
[2020-11-24 11:45:28,726] {scheduler_job.py:1668} INFO - Creating / updating <TaskInstance: treino-02.get-data 2020-11-24 11:04:00+00:00 [scheduled]> in ORM
[2020-11-24 11:45:28,729] {scheduler_job.py:1668} INFO - Creating / updating <TaskInstance: treino-02.get-data 2020-11-24 11:08:00+00:00 [scheduled]> in ORM
[2020-11-24 11:45:28,737] {scheduler_job.py:162} INFO - Processing /home/thomaz/airflow/dags/treino02.py took 0.401 seconds
[2020-11-24 11:46:34,256] {scheduler_job.py:154} INFO - Started process (PID=78146) to work on /home/thomaz/airflow/dags/treino02.py
[2020-11-24 11:46:34,261] {scheduler_job.py:1589} INFO - Processing file /home/thomaz/airflow/dags/treino02.py for tasks to queue
[2020-11-24 11:46:34,262] {logging_mixin.py:112} INFO - [2020-11-24 11:46:34,262] {dagbag.py:417} INFO - Filling up the DagBag from /home/thomaz/airflow/dags/treino02.py
[2020-11-24 11:46:34,500] {scheduler_job.py:1601} INFO - DAG(s) dict_keys(['treino-02']) retrieved from /home/thomaz/airflow/dags/treino02.py
[2020-11-24 11:46:34,519] {scheduler_job.py:1305} INFO - Processing treino-02
[2020-11-24 11:46:34,548] {scheduler_job.py:1315} INFO - Created <DagRun treino-02 @ 2020-11-24T11:10:00+00:00: scheduled__2020-11-24T11:10:00+00:00, externally triggered: False>
[2020-11-24 11:46:34,551] {scheduler_job.py:771} INFO - Examining DAG run <DagRun treino-02 @ 2020-11-24 11:02:00+00:00: scheduled__2020-11-24T11:02:00+00:00, externally triggered: False>
[2020-11-24 11:46:34,557] {logging_mixin.py:112} INFO - [2020-11-24 11:46:34,556] {dagrun.py:311} INFO - Marking run <DagRun treino-02 @ 2020-11-24 11:02:00+00:00: scheduled__2020-11-24T11:02:00+00:00, externally triggered: False> failed
[2020-11-24 11:46:34,563] {scheduler_job.py:771} INFO - Examining DAG run <DagRun treino-02 @ 2020-11-24 11:04:00+00:00: scheduled__2020-11-24T11:04:00+00:00, externally triggered: False>
[2020-11-24 11:46:34,582] {scheduler_job.py:771} INFO - Examining DAG run <DagRun treino-02 @ 2020-11-24 11:06:00+00:00: scheduled__2020-11-24T11:06:00+00:00, externally triggered: False>
[2020-11-24 11:46:34,591] {scheduler_job.py:771} INFO - Examining DAG run <DagRun treino-02 @ 2020-11-24 11:08:00+00:00: scheduled__2020-11-24T11:08:00+00:00, externally triggered: False>
[2020-11-24 11:46:34,597] {scheduler_job.py:771} INFO - Examining DAG run <DagRun treino-02 @ 2020-11-24 11:10:00+00:00: scheduled__2020-11-24T11:10:00+00:00, externally triggered: False>
[2020-11-24 11:46:34,660] {scheduler_job.py:459} INFO - Skipping SLA check for <DAG: treino-02> because no tasks in DAG have SLAs
[2020-11-24 11:46:34,662] {scheduler_job.py:1668} INFO - Creating / updating <TaskInstance: treino-02.get-data 2020-11-24 11:06:00+00:00 [scheduled]> in ORM
[2020-11-24 11:46:34,665] {scheduler_job.py:1668} INFO - Creating / updating <TaskInstance: treino-02.get-data 2020-11-24 11:10:00+00:00 [scheduled]> in ORM
[2020-11-24 11:46:34,676] {scheduler_job.py:162} INFO - Processing /home/thomaz/airflow/dags/treino02.py took 0.421 seconds
[2020-11-24 11:47:40,171] {scheduler_job.py:154} INFO - Started process (PID=78460) to work on /home/thomaz/airflow/dags/treino02.py
[2020-11-24 11:47:40,179] {scheduler_job.py:1589} INFO - Processing file /home/thomaz/airflow/dags/treino02.py for tasks to queue
[2020-11-24 11:47:40,179] {logging_mixin.py:112} INFO - [2020-11-24 11:47:40,179] {dagbag.py:417} INFO - Filling up the DagBag from /home/thomaz/airflow/dags/treino02.py
[2020-11-24 11:47:40,414] {scheduler_job.py:1601} INFO - DAG(s) dict_keys(['treino-02']) retrieved from /home/thomaz/airflow/dags/treino02.py
[2020-11-24 11:47:40,429] {scheduler_job.py:1305} INFO - Processing treino-02
[2020-11-24 11:47:40,454] {scheduler_job.py:1315} INFO - Created <DagRun treino-02 @ 2020-11-24T11:12:00+00:00: scheduled__2020-11-24T11:12:00+00:00, externally triggered: False>
[2020-11-24 11:47:40,456] {scheduler_job.py:771} INFO - Examining DAG run <DagRun treino-02 @ 2020-11-24 11:04:00+00:00: scheduled__2020-11-24T11:04:00+00:00, externally triggered: False>
[2020-11-24 11:47:40,460] {logging_mixin.py:112} INFO - [2020-11-24 11:47:40,460] {dagrun.py:311} INFO - Marking run <DagRun treino-02 @ 2020-11-24 11:04:00+00:00: scheduled__2020-11-24T11:04:00+00:00, externally triggered: False> failed
[2020-11-24 11:47:40,465] {scheduler_job.py:771} INFO - Examining DAG run <DagRun treino-02 @ 2020-11-24 11:06:00+00:00: scheduled__2020-11-24T11:06:00+00:00, externally triggered: False>
[2020-11-24 11:47:40,480] {scheduler_job.py:771} INFO - Examining DAG run <DagRun treino-02 @ 2020-11-24 11:08:00+00:00: scheduled__2020-11-24T11:08:00+00:00, externally triggered: False>
[2020-11-24 11:47:40,488] {scheduler_job.py:771} INFO - Examining DAG run <DagRun treino-02 @ 2020-11-24 11:10:00+00:00: scheduled__2020-11-24T11:10:00+00:00, externally triggered: False>
[2020-11-24 11:47:40,494] {scheduler_job.py:771} INFO - Examining DAG run <DagRun treino-02 @ 2020-11-24 11:12:00+00:00: scheduled__2020-11-24T11:12:00+00:00, externally triggered: False>
[2020-11-24 11:47:40,546] {scheduler_job.py:459} INFO - Skipping SLA check for <DAG: treino-02> because no tasks in DAG have SLAs
[2020-11-24 11:47:40,548] {scheduler_job.py:1668} INFO - Creating / updating <TaskInstance: treino-02.get-data 2020-11-24 11:08:00+00:00 [scheduled]> in ORM
[2020-11-24 11:47:40,551] {scheduler_job.py:1668} INFO - Creating / updating <TaskInstance: treino-02.get-data 2020-11-24 11:12:00+00:00 [scheduled]> in ORM
[2020-11-24 11:47:40,559] {scheduler_job.py:162} INFO - Processing /home/thomaz/airflow/dags/treino02.py took 0.388 seconds
[2020-11-24 11:48:46,076] {scheduler_job.py:154} INFO - Started process (PID=78766) to work on /home/thomaz/airflow/dags/treino02.py
[2020-11-24 11:48:46,084] {scheduler_job.py:1589} INFO - Processing file /home/thomaz/airflow/dags/treino02.py for tasks to queue
[2020-11-24 11:48:46,085] {logging_mixin.py:112} INFO - [2020-11-24 11:48:46,085] {dagbag.py:417} INFO - Filling up the DagBag from /home/thomaz/airflow/dags/treino02.py
[2020-11-24 11:48:46,308] {scheduler_job.py:1601} INFO - DAG(s) dict_keys(['treino-02']) retrieved from /home/thomaz/airflow/dags/treino02.py
[2020-11-24 11:48:46,326] {scheduler_job.py:1305} INFO - Processing treino-02
[2020-11-24 11:48:46,356] {scheduler_job.py:1315} INFO - Created <DagRun treino-02 @ 2020-11-24T11:14:00+00:00: scheduled__2020-11-24T11:14:00+00:00, externally triggered: False>
[2020-11-24 11:48:46,358] {scheduler_job.py:771} INFO - Examining DAG run <DagRun treino-02 @ 2020-11-24 11:06:00+00:00: scheduled__2020-11-24T11:06:00+00:00, externally triggered: False>
[2020-11-24 11:48:46,364] {logging_mixin.py:112} INFO - [2020-11-24 11:48:46,363] {dagrun.py:311} INFO - Marking run <DagRun treino-02 @ 2020-11-24 11:06:00+00:00: scheduled__2020-11-24T11:06:00+00:00, externally triggered: False> failed
[2020-11-24 11:48:46,368] {scheduler_job.py:771} INFO - Examining DAG run <DagRun treino-02 @ 2020-11-24 11:08:00+00:00: scheduled__2020-11-24T11:08:00+00:00, externally triggered: False>
[2020-11-24 11:48:46,392] {scheduler_job.py:771} INFO - Examining DAG run <DagRun treino-02 @ 2020-11-24 11:10:00+00:00: scheduled__2020-11-24T11:10:00+00:00, externally triggered: False>
[2020-11-24 11:48:46,407] {scheduler_job.py:771} INFO - Examining DAG run <DagRun treino-02 @ 2020-11-24 11:12:00+00:00: scheduled__2020-11-24T11:12:00+00:00, externally triggered: False>
[2020-11-24 11:48:46,421] {scheduler_job.py:771} INFO - Examining DAG run <DagRun treino-02 @ 2020-11-24 11:14:00+00:00: scheduled__2020-11-24T11:14:00+00:00, externally triggered: False>
[2020-11-24 11:48:46,482] {scheduler_job.py:459} INFO - Skipping SLA check for <DAG: treino-02> because no tasks in DAG have SLAs
[2020-11-24 11:48:46,484] {scheduler_job.py:1668} INFO - Creating / updating <TaskInstance: treino-02.get-data 2020-11-24 11:10:00+00:00 [scheduled]> in ORM
[2020-11-24 11:48:46,487] {scheduler_job.py:1668} INFO - Creating / updating <TaskInstance: treino-02.get-data 2020-11-24 11:14:00+00:00 [scheduled]> in ORM
[2020-11-24 11:48:46,497] {scheduler_job.py:162} INFO - Processing /home/thomaz/airflow/dags/treino02.py took 0.421 seconds
[2020-11-24 11:49:51,874] {scheduler_job.py:154} INFO - Started process (PID=79009) to work on /home/thomaz/airflow/dags/treino02.py
[2020-11-24 11:49:51,881] {scheduler_job.py:1589} INFO - Processing file /home/thomaz/airflow/dags/treino02.py for tasks to queue
[2020-11-24 11:49:51,882] {logging_mixin.py:112} INFO - [2020-11-24 11:49:51,882] {dagbag.py:417} INFO - Filling up the DagBag from /home/thomaz/airflow/dags/treino02.py
[2020-11-24 11:49:52,098] {scheduler_job.py:1601} INFO - DAG(s) dict_keys(['treino-02']) retrieved from /home/thomaz/airflow/dags/treino02.py
[2020-11-24 11:49:52,114] {scheduler_job.py:1305} INFO - Processing treino-02
[2020-11-24 11:49:52,140] {scheduler_job.py:1315} INFO - Created <DagRun treino-02 @ 2020-11-24T11:16:00+00:00: scheduled__2020-11-24T11:16:00+00:00, externally triggered: False>
[2020-11-24 11:49:52,142] {scheduler_job.py:771} INFO - Examining DAG run <DagRun treino-02 @ 2020-11-24 11:08:00+00:00: scheduled__2020-11-24T11:08:00+00:00, externally triggered: False>
[2020-11-24 11:49:52,147] {logging_mixin.py:112} INFO - [2020-11-24 11:49:52,147] {dagrun.py:311} INFO - Marking run <DagRun treino-02 @ 2020-11-24 11:08:00+00:00: scheduled__2020-11-24T11:08:00+00:00, externally triggered: False> failed
[2020-11-24 11:49:52,152] {scheduler_job.py:771} INFO - Examining DAG run <DagRun treino-02 @ 2020-11-24 11:10:00+00:00: scheduled__2020-11-24T11:10:00+00:00, externally triggered: False>
[2020-11-24 11:49:52,161] {scheduler_job.py:771} INFO - Examining DAG run <DagRun treino-02 @ 2020-11-24 11:12:00+00:00: scheduled__2020-11-24T11:12:00+00:00, externally triggered: False>
[2020-11-24 11:49:52,167] {scheduler_job.py:771} INFO - Examining DAG run <DagRun treino-02 @ 2020-11-24 11:14:00+00:00: scheduled__2020-11-24T11:14:00+00:00, externally triggered: False>
[2020-11-24 11:49:52,177] {scheduler_job.py:771} INFO - Examining DAG run <DagRun treino-02 @ 2020-11-24 11:16:00+00:00: scheduled__2020-11-24T11:16:00+00:00, externally triggered: False>
[2020-11-24 11:49:52,228] {scheduler_job.py:459} INFO - Skipping SLA check for <DAG: treino-02> because no tasks in DAG have SLAs
[2020-11-24 11:49:52,231] {scheduler_job.py:1668} INFO - Creating / updating <TaskInstance: treino-02.calcula-idade-media 2020-11-24 11:10:00+00:00 [scheduled]> in ORM
[2020-11-24 11:49:52,233] {scheduler_job.py:1668} INFO - Creating / updating <TaskInstance: treino-02.get-data 2020-11-24 11:12:00+00:00 [scheduled]> in ORM
[2020-11-24 11:49:52,235] {scheduler_job.py:1668} INFO - Creating / updating <TaskInstance: treino-02.calcula-idade-media 2020-11-24 11:14:00+00:00 [scheduled]> in ORM
[2020-11-24 11:49:52,238] {scheduler_job.py:1668} INFO - Creating / updating <TaskInstance: treino-02.get-data 2020-11-24 11:16:00+00:00 [scheduled]> in ORM
[2020-11-24 11:49:52,246] {scheduler_job.py:162} INFO - Processing /home/thomaz/airflow/dags/treino02.py took 0.371 seconds
[2020-11-24 11:51:10,693] {scheduler_job.py:154} INFO - Started process (PID=79415) to work on /home/thomaz/airflow/dags/treino02.py
[2020-11-24 11:51:10,700] {scheduler_job.py:1589} INFO - Processing file /home/thomaz/airflow/dags/treino02.py for tasks to queue
[2020-11-24 11:51:10,701] {logging_mixin.py:112} INFO - [2020-11-24 11:51:10,701] {dagbag.py:417} INFO - Filling up the DagBag from /home/thomaz/airflow/dags/treino02.py
[2020-11-24 11:51:10,924] {scheduler_job.py:1601} INFO - DAG(s) dict_keys(['treino-02']) retrieved from /home/thomaz/airflow/dags/treino02.py
[2020-11-24 11:51:10,942] {scheduler_job.py:1305} INFO - Processing treino-02
[2020-11-24 11:51:10,970] {scheduler_job.py:1315} INFO - Created <DagRun treino-02 @ 2020-11-24T11:18:00+00:00: scheduled__2020-11-24T11:18:00+00:00, externally triggered: False>
[2020-11-24 11:51:10,972] {scheduler_job.py:771} INFO - Examining DAG run <DagRun treino-02 @ 2020-11-24 11:10:00+00:00: scheduled__2020-11-24T11:10:00+00:00, externally triggered: False>
[2020-11-24 11:51:10,982] {scheduler_job.py:771} INFO - Examining DAG run <DagRun treino-02 @ 2020-11-24 11:12:00+00:00: scheduled__2020-11-24T11:12:00+00:00, externally triggered: False>
[2020-11-24 11:51:10,991] {scheduler_job.py:771} INFO - Examining DAG run <DagRun treino-02 @ 2020-11-24 11:14:00+00:00: scheduled__2020-11-24T11:14:00+00:00, externally triggered: False>
[2020-11-24 11:51:11,003] {scheduler_job.py:771} INFO - Examining DAG run <DagRun treino-02 @ 2020-11-24 11:16:00+00:00: scheduled__2020-11-24T11:16:00+00:00, externally triggered: False>
[2020-11-24 11:51:11,011] {scheduler_job.py:771} INFO - Examining DAG run <DagRun treino-02 @ 2020-11-24 11:18:00+00:00: scheduled__2020-11-24T11:18:00+00:00, externally triggered: False>
[2020-11-24 11:51:11,068] {scheduler_job.py:459} INFO - Skipping SLA check for <DAG: treino-02> because no tasks in DAG have SLAs
[2020-11-24 11:51:11,070] {scheduler_job.py:1668} INFO - Creating / updating <TaskInstance: treino-02.calcula-idade-media 2020-11-24 11:10:00+00:00 [scheduled]> in ORM
[2020-11-24 11:51:11,073] {scheduler_job.py:1668} INFO - Creating / updating <TaskInstance: treino-02.calcula-idade-media 2020-11-24 11:12:00+00:00 [scheduled]> in ORM
[2020-11-24 11:51:11,075] {scheduler_job.py:1668} INFO - Creating / updating <TaskInstance: treino-02.calcula-idade-media 2020-11-24 11:16:00+00:00 [scheduled]> in ORM
[2020-11-24 11:51:11,078] {scheduler_job.py:1668} INFO - Creating / updating <TaskInstance: treino-02.get-data 2020-11-24 11:18:00+00:00 [scheduled]> in ORM
[2020-11-24 11:51:11,086] {scheduler_job.py:162} INFO - Processing /home/thomaz/airflow/dags/treino02.py took 0.393 seconds
[2020-11-24 11:52:29,340] {scheduler_job.py:154} INFO - Started process (PID=79768) to work on /home/thomaz/airflow/dags/treino02.py
[2020-11-24 11:52:29,342] {scheduler_job.py:1589} INFO - Processing file /home/thomaz/airflow/dags/treino02.py for tasks to queue
[2020-11-24 11:52:29,342] {logging_mixin.py:112} INFO - [2020-11-24 11:52:29,342] {dagbag.py:417} INFO - Filling up the DagBag from /home/thomaz/airflow/dags/treino02.py
[2020-11-24 11:52:29,584] {scheduler_job.py:1601} INFO - DAG(s) dict_keys(['treino-02']) retrieved from /home/thomaz/airflow/dags/treino02.py
[2020-11-24 11:52:29,604] {scheduler_job.py:1305} INFO - Processing treino-02
[2020-11-24 11:52:29,633] {scheduler_job.py:1315} INFO - Created <DagRun treino-02 @ 2020-11-24T11:20:00+00:00: scheduled__2020-11-24T11:20:00+00:00, externally triggered: False>
[2020-11-24 11:52:29,635] {scheduler_job.py:771} INFO - Examining DAG run <DagRun treino-02 @ 2020-11-24 11:10:00+00:00: scheduled__2020-11-24T11:10:00+00:00, externally triggered: False>
[2020-11-24 11:52:29,651] {scheduler_job.py:771} INFO - Examining DAG run <DagRun treino-02 @ 2020-11-24 11:12:00+00:00: scheduled__2020-11-24T11:12:00+00:00, externally triggered: False>
[2020-11-24 11:52:29,659] {scheduler_job.py:771} INFO - Examining DAG run <DagRun treino-02 @ 2020-11-24 11:14:00+00:00: scheduled__2020-11-24T11:14:00+00:00, externally triggered: False>
[2020-11-24 11:52:29,671] {scheduler_job.py:771} INFO - Examining DAG run <DagRun treino-02 @ 2020-11-24 11:16:00+00:00: scheduled__2020-11-24T11:16:00+00:00, externally triggered: False>
[2020-11-24 11:52:29,682] {scheduler_job.py:771} INFO - Examining DAG run <DagRun treino-02 @ 2020-11-24 11:18:00+00:00: scheduled__2020-11-24T11:18:00+00:00, externally triggered: False>
[2020-11-24 11:52:29,692] {scheduler_job.py:771} INFO - Examining DAG run <DagRun treino-02 @ 2020-11-24 11:20:00+00:00: scheduled__2020-11-24T11:20:00+00:00, externally triggered: False>
[2020-11-24 11:52:29,760] {scheduler_job.py:459} INFO - Skipping SLA check for <DAG: treino-02> because no tasks in DAG have SLAs
[2020-11-24 11:52:29,765] {scheduler_job.py:1668} INFO - Creating / updating <TaskInstance: treino-02.calcula-idade-media 2020-11-24 11:12:00+00:00 [scheduled]> in ORM
[2020-11-24 11:52:29,768] {scheduler_job.py:1668} INFO - Creating / updating <TaskInstance: treino-02.calcula-idade-media 2020-11-24 11:14:00+00:00 [scheduled]> in ORM
[2020-11-24 11:52:29,771] {scheduler_job.py:1668} INFO - Creating / updating <TaskInstance: treino-02.calcula-idade-media 2020-11-24 11:18:00+00:00 [scheduled]> in ORM
[2020-11-24 11:52:29,773] {scheduler_job.py:1668} INFO - Creating / updating <TaskInstance: treino-02.get-data 2020-11-24 11:20:00+00:00 [scheduled]> in ORM
[2020-11-24 11:52:29,781] {scheduler_job.py:162} INFO - Processing /home/thomaz/airflow/dags/treino02.py took 0.442 seconds
[2020-11-24 11:53:48,145] {scheduler_job.py:154} INFO - Started process (PID=80066) to work on /home/thomaz/airflow/dags/treino02.py
[2020-11-24 11:53:48,155] {scheduler_job.py:1589} INFO - Processing file /home/thomaz/airflow/dags/treino02.py for tasks to queue
[2020-11-24 11:53:48,156] {logging_mixin.py:112} INFO - [2020-11-24 11:53:48,156] {dagbag.py:417} INFO - Filling up the DagBag from /home/thomaz/airflow/dags/treino02.py
[2020-11-24 11:53:48,364] {scheduler_job.py:1601} INFO - DAG(s) dict_keys(['treino-02']) retrieved from /home/thomaz/airflow/dags/treino02.py
[2020-11-24 11:53:48,378] {scheduler_job.py:1305} INFO - Processing treino-02
[2020-11-24 11:53:48,403] {scheduler_job.py:1315} INFO - Created <DagRun treino-02 @ 2020-11-24T11:22:00+00:00: scheduled__2020-11-24T11:22:00+00:00, externally triggered: False>
[2020-11-24 11:53:48,405] {scheduler_job.py:771} INFO - Examining DAG run <DagRun treino-02 @ 2020-11-24 11:20:00+00:00: scheduled__2020-11-24T11:20:00+00:00, externally triggered: False>
[2020-11-24 11:53:48,412] {scheduler_job.py:771} INFO - Examining DAG run <DagRun treino-02 @ 2020-11-24 11:22:00+00:00: scheduled__2020-11-24T11:22:00+00:00, externally triggered: False>
[2020-11-24 11:53:48,439] {scheduler_job.py:459} INFO - Skipping SLA check for <DAG: treino-02> because no tasks in DAG have SLAs
[2020-11-24 11:53:48,441] {scheduler_job.py:1668} INFO - Creating / updating <TaskInstance: treino-02.calcula-idade-media 2020-11-24 11:20:00+00:00 [scheduled]> in ORM
[2020-11-24 11:53:48,444] {scheduler_job.py:1668} INFO - Creating / updating <TaskInstance: treino-02.get-data 2020-11-24 11:22:00+00:00 [scheduled]> in ORM
[2020-11-24 11:53:48,452] {scheduler_job.py:162} INFO - Processing /home/thomaz/airflow/dags/treino02.py took 0.307 seconds
[2020-11-24 11:54:54,002] {scheduler_job.py:154} INFO - Started process (PID=80358) to work on /home/thomaz/airflow/dags/treino02.py
[2020-11-24 11:54:54,004] {scheduler_job.py:1589} INFO - Processing file /home/thomaz/airflow/dags/treino02.py for tasks to queue
[2020-11-24 11:54:54,004] {logging_mixin.py:112} INFO - [2020-11-24 11:54:54,004] {dagbag.py:417} INFO - Filling up the DagBag from /home/thomaz/airflow/dags/treino02.py
[2020-11-24 11:54:54,211] {scheduler_job.py:1601} INFO - DAG(s) dict_keys(['treino-02']) retrieved from /home/thomaz/airflow/dags/treino02.py
[2020-11-24 11:54:54,228] {scheduler_job.py:1305} INFO - Processing treino-02
[2020-11-24 11:54:54,253] {scheduler_job.py:1315} INFO - Created <DagRun treino-02 @ 2020-11-24T11:24:00+00:00: scheduled__2020-11-24T11:24:00+00:00, externally triggered: False>
[2020-11-24 11:54:54,255] {scheduler_job.py:771} INFO - Examining DAG run <DagRun treino-02 @ 2020-11-24 11:20:00+00:00: scheduled__2020-11-24T11:20:00+00:00, externally triggered: False>
[2020-11-24 11:54:54,264] {scheduler_job.py:771} INFO - Examining DAG run <DagRun treino-02 @ 2020-11-24 11:22:00+00:00: scheduled__2020-11-24T11:22:00+00:00, externally triggered: False>
[2020-11-24 11:54:54,272] {scheduler_job.py:771} INFO - Examining DAG run <DagRun treino-02 @ 2020-11-24 11:24:00+00:00: scheduled__2020-11-24T11:24:00+00:00, externally triggered: False>
[2020-11-24 11:54:54,313] {scheduler_job.py:459} INFO - Skipping SLA check for <DAG: treino-02> because no tasks in DAG have SLAs
[2020-11-24 11:54:54,315] {scheduler_job.py:1668} INFO - Creating / updating <TaskInstance: treino-02.calcula-idade-media 2020-11-24 11:22:00+00:00 [scheduled]> in ORM
[2020-11-24 11:54:54,318] {scheduler_job.py:1668} INFO - Creating / updating <TaskInstance: treino-02.get-data 2020-11-24 11:24:00+00:00 [scheduled]> in ORM
[2020-11-24 11:54:54,325] {scheduler_job.py:162} INFO - Processing /home/thomaz/airflow/dags/treino02.py took 0.323 seconds
[2020-11-24 11:56:00,031] {scheduler_job.py:154} INFO - Started process (PID=80663) to work on /home/thomaz/airflow/dags/treino02.py
[2020-11-24 11:56:00,034] {scheduler_job.py:1589} INFO - Processing file /home/thomaz/airflow/dags/treino02.py for tasks to queue
[2020-11-24 11:56:00,035] {logging_mixin.py:112} INFO - [2020-11-24 11:56:00,035] {dagbag.py:417} INFO - Filling up the DagBag from /home/thomaz/airflow/dags/treino02.py
[2020-11-24 11:56:00,229] {scheduler_job.py:1601} INFO - DAG(s) dict_keys(['treino-02']) retrieved from /home/thomaz/airflow/dags/treino02.py
[2020-11-24 11:56:00,242] {scheduler_job.py:1305} INFO - Processing treino-02
[2020-11-24 11:56:00,268] {scheduler_job.py:1315} INFO - Created <DagRun treino-02 @ 2020-11-24T11:26:00+00:00: scheduled__2020-11-24T11:26:00+00:00, externally triggered: False>
[2020-11-24 11:56:00,269] {scheduler_job.py:771} INFO - Examining DAG run <DagRun treino-02 @ 2020-11-24 11:20:00+00:00: scheduled__2020-11-24T11:20:00+00:00, externally triggered: False>
[2020-11-24 11:56:00,277] {scheduler_job.py:771} INFO - Examining DAG run <DagRun treino-02 @ 2020-11-24 11:22:00+00:00: scheduled__2020-11-24T11:22:00+00:00, externally triggered: False>
[2020-11-24 11:56:00,285] {scheduler_job.py:771} INFO - Examining DAG run <DagRun treino-02 @ 2020-11-24 11:24:00+00:00: scheduled__2020-11-24T11:24:00+00:00, externally triggered: False>
[2020-11-24 11:56:00,292] {scheduler_job.py:771} INFO - Examining DAG run <DagRun treino-02 @ 2020-11-24 11:26:00+00:00: scheduled__2020-11-24T11:26:00+00:00, externally triggered: False>
[2020-11-24 11:56:00,331] {scheduler_job.py:459} INFO - Skipping SLA check for <DAG: treino-02> because no tasks in DAG have SLAs
[2020-11-24 11:56:00,333] {scheduler_job.py:1668} INFO - Creating / updating <TaskInstance: treino-02.calcula-idade-media 2020-11-24 11:20:00+00:00 [scheduled]> in ORM
[2020-11-24 11:56:00,335] {scheduler_job.py:1668} INFO - Creating / updating <TaskInstance: treino-02.calcula-idade-media 2020-11-24 11:24:00+00:00 [scheduled]> in ORM
[2020-11-24 11:56:00,338] {scheduler_job.py:1668} INFO - Creating / updating <TaskInstance: treino-02.get-data 2020-11-24 11:26:00+00:00 [scheduled]> in ORM
[2020-11-24 11:56:00,344] {scheduler_job.py:162} INFO - Processing /home/thomaz/airflow/dags/treino02.py took 0.313 seconds
[2020-11-24 11:57:11,947] {scheduler_job.py:154} INFO - Started process (PID=80952) to work on /home/thomaz/airflow/dags/treino02.py
[2020-11-24 11:57:11,953] {scheduler_job.py:1589} INFO - Processing file /home/thomaz/airflow/dags/treino02.py for tasks to queue
[2020-11-24 11:57:11,953] {logging_mixin.py:112} INFO - [2020-11-24 11:57:11,953] {dagbag.py:417} INFO - Filling up the DagBag from /home/thomaz/airflow/dags/treino02.py
[2020-11-24 11:57:12,150] {scheduler_job.py:1601} INFO - DAG(s) dict_keys(['treino-02']) retrieved from /home/thomaz/airflow/dags/treino02.py
[2020-11-24 11:57:12,164] {scheduler_job.py:1305} INFO - Processing treino-02
[2020-11-24 11:57:12,188] {scheduler_job.py:1315} INFO - Created <DagRun treino-02 @ 2020-11-24T11:28:00+00:00: scheduled__2020-11-24T11:28:00+00:00, externally triggered: False>
[2020-11-24 11:57:12,189] {scheduler_job.py:771} INFO - Examining DAG run <DagRun treino-02 @ 2020-11-24 11:20:00+00:00: scheduled__2020-11-24T11:20:00+00:00, externally triggered: False>
[2020-11-24 11:57:12,202] {scheduler_job.py:771} INFO - Examining DAG run <DagRun treino-02 @ 2020-11-24 11:22:00+00:00: scheduled__2020-11-24T11:22:00+00:00, externally triggered: False>
[2020-11-24 11:57:12,210] {scheduler_job.py:771} INFO - Examining DAG run <DagRun treino-02 @ 2020-11-24 11:24:00+00:00: scheduled__2020-11-24T11:24:00+00:00, externally triggered: False>
[2020-11-24 11:57:12,218] {scheduler_job.py:771} INFO - Examining DAG run <DagRun treino-02 @ 2020-11-24 11:26:00+00:00: scheduled__2020-11-24T11:26:00+00:00, externally triggered: False>
[2020-11-24 11:57:12,225] {scheduler_job.py:771} INFO - Examining DAG run <DagRun treino-02 @ 2020-11-24 11:28:00+00:00: scheduled__2020-11-24T11:28:00+00:00, externally triggered: False>
[2020-11-24 11:57:12,265] {scheduler_job.py:459} INFO - Skipping SLA check for <DAG: treino-02> because no tasks in DAG have SLAs
[2020-11-24 11:57:12,267] {scheduler_job.py:1668} INFO - Creating / updating <TaskInstance: treino-02.calcula-idade-media 2020-11-24 11:22:00+00:00 [scheduled]> in ORM
[2020-11-24 11:57:12,270] {scheduler_job.py:1668} INFO - Creating / updating <TaskInstance: treino-02.calcula-idade-media 2020-11-24 11:26:00+00:00 [scheduled]> in ORM
[2020-11-24 11:57:12,272] {scheduler_job.py:1668} INFO - Creating / updating <TaskInstance: treino-02.get-data 2020-11-24 11:28:00+00:00 [scheduled]> in ORM
[2020-11-24 11:57:12,279] {scheduler_job.py:162} INFO - Processing /home/thomaz/airflow/dags/treino02.py took 0.332 seconds
[2020-11-24 11:58:23,759] {scheduler_job.py:154} INFO - Started process (PID=81229) to work on /home/thomaz/airflow/dags/treino02.py
[2020-11-24 11:58:23,765] {scheduler_job.py:1589} INFO - Processing file /home/thomaz/airflow/dags/treino02.py for tasks to queue
[2020-11-24 11:58:23,766] {logging_mixin.py:112} INFO - [2020-11-24 11:58:23,765] {dagbag.py:417} INFO - Filling up the DagBag from /home/thomaz/airflow/dags/treino02.py
[2020-11-24 11:58:23,974] {scheduler_job.py:1601} INFO - DAG(s) dict_keys(['treino-02']) retrieved from /home/thomaz/airflow/dags/treino02.py
[2020-11-24 11:58:23,992] {scheduler_job.py:1305} INFO - Processing treino-02
[2020-11-24 11:58:24,020] {scheduler_job.py:1315} INFO - Created <DagRun treino-02 @ 2020-11-24T11:30:00+00:00: scheduled__2020-11-24T11:30:00+00:00, externally triggered: False>
[2020-11-24 11:58:24,022] {scheduler_job.py:771} INFO - Examining DAG run <DagRun treino-02 @ 2020-11-24 11:20:00+00:00: scheduled__2020-11-24T11:20:00+00:00, externally triggered: False>
[2020-11-24 11:58:24,026] {logging_mixin.py:112} INFO - [2020-11-24 11:58:24,026] {dagrun.py:311} INFO - Marking run <DagRun treino-02 @ 2020-11-24 11:20:00+00:00: scheduled__2020-11-24T11:20:00+00:00, externally triggered: False> failed
[2020-11-24 11:58:24,030] {scheduler_job.py:771} INFO - Examining DAG run <DagRun treino-02 @ 2020-11-24 11:22:00+00:00: scheduled__2020-11-24T11:22:00+00:00, externally triggered: False>
[2020-11-24 11:58:24,044] {scheduler_job.py:771} INFO - Examining DAG run <DagRun treino-02 @ 2020-11-24 11:24:00+00:00: scheduled__2020-11-24T11:24:00+00:00, externally triggered: False>
[2020-11-24 11:58:24,053] {scheduler_job.py:771} INFO - Examining DAG run <DagRun treino-02 @ 2020-11-24 11:26:00+00:00: scheduled__2020-11-24T11:26:00+00:00, externally triggered: False>
[2020-11-24 11:58:24,061] {scheduler_job.py:771} INFO - Examining DAG run <DagRun treino-02 @ 2020-11-24 11:28:00+00:00: scheduled__2020-11-24T11:28:00+00:00, externally triggered: False>
[2020-11-24 11:58:24,069] {scheduler_job.py:771} INFO - Examining DAG run <DagRun treino-02 @ 2020-11-24 11:30:00+00:00: scheduled__2020-11-24T11:30:00+00:00, externally triggered: False>
[2020-11-24 11:58:24,112] {scheduler_job.py:459} INFO - Skipping SLA check for <DAG: treino-02> because no tasks in DAG have SLAs
[2020-11-24 11:58:24,114] {scheduler_job.py:1668} INFO - Creating / updating <TaskInstance: treino-02.calcula-idade-media 2020-11-24 11:24:00+00:00 [scheduled]> in ORM
[2020-11-24 11:58:24,116] {scheduler_job.py:1668} INFO - Creating / updating <TaskInstance: treino-02.calcula-idade-media 2020-11-24 11:28:00+00:00 [scheduled]> in ORM
[2020-11-24 11:58:24,119] {scheduler_job.py:1668} INFO - Creating / updating <TaskInstance: treino-02.get-data 2020-11-24 11:30:00+00:00 [scheduled]> in ORM
[2020-11-24 11:58:24,126] {scheduler_job.py:162} INFO - Processing /home/thomaz/airflow/dags/treino02.py took 0.367 seconds
[2020-11-24 11:59:35,751] {scheduler_job.py:154} INFO - Started process (PID=81510) to work on /home/thomaz/airflow/dags/treino02.py
[2020-11-24 11:59:35,752] {scheduler_job.py:1589} INFO - Processing file /home/thomaz/airflow/dags/treino02.py for tasks to queue
[2020-11-24 11:59:35,753] {logging_mixin.py:112} INFO - [2020-11-24 11:59:35,753] {dagbag.py:417} INFO - Filling up the DagBag from /home/thomaz/airflow/dags/treino02.py
[2020-11-24 11:59:35,924] {scheduler_job.py:1601} INFO - DAG(s) dict_keys(['treino-02']) retrieved from /home/thomaz/airflow/dags/treino02.py
[2020-11-24 11:59:35,938] {scheduler_job.py:1305} INFO - Processing treino-02
[2020-11-24 11:59:35,962] {scheduler_job.py:1315} INFO - Created <DagRun treino-02 @ 2020-11-24T11:32:00+00:00: scheduled__2020-11-24T11:32:00+00:00, externally triggered: False>
[2020-11-24 11:59:35,964] {scheduler_job.py:771} INFO - Examining DAG run <DagRun treino-02 @ 2020-11-24 11:22:00+00:00: scheduled__2020-11-24T11:22:00+00:00, externally triggered: False>
[2020-11-24 11:59:35,969] {logging_mixin.py:112} INFO - [2020-11-24 11:59:35,969] {dagrun.py:311} INFO - Marking run <DagRun treino-02 @ 2020-11-24 11:22:00+00:00: scheduled__2020-11-24T11:22:00+00:00, externally triggered: False> failed
[2020-11-24 11:59:35,975] {scheduler_job.py:771} INFO - Examining DAG run <DagRun treino-02 @ 2020-11-24 11:24:00+00:00: scheduled__2020-11-24T11:24:00+00:00, externally triggered: False>
[2020-11-24 11:59:35,990] {scheduler_job.py:771} INFO - Examining DAG run <DagRun treino-02 @ 2020-11-24 11:26:00+00:00: scheduled__2020-11-24T11:26:00+00:00, externally triggered: False>
[2020-11-24 11:59:36,000] {scheduler_job.py:771} INFO - Examining DAG run <DagRun treino-02 @ 2020-11-24 11:28:00+00:00: scheduled__2020-11-24T11:28:00+00:00, externally triggered: False>
[2020-11-24 11:59:36,009] {scheduler_job.py:771} INFO - Examining DAG run <DagRun treino-02 @ 2020-11-24 11:30:00+00:00: scheduled__2020-11-24T11:30:00+00:00, externally triggered: False>
[2020-11-24 11:59:36,016] {scheduler_job.py:771} INFO - Examining DAG run <DagRun treino-02 @ 2020-11-24 11:32:00+00:00: scheduled__2020-11-24T11:32:00+00:00, externally triggered: False>
[2020-11-24 11:59:36,059] {scheduler_job.py:459} INFO - Skipping SLA check for <DAG: treino-02> because no tasks in DAG have SLAs
[2020-11-24 11:59:36,061] {scheduler_job.py:1668} INFO - Creating / updating <TaskInstance: treino-02.calcula-idade-media 2020-11-24 11:26:00+00:00 [scheduled]> in ORM
[2020-11-24 11:59:36,063] {scheduler_job.py:1668} INFO - Creating / updating <TaskInstance: treino-02.calcula-idade-media 2020-11-24 11:30:00+00:00 [scheduled]> in ORM
[2020-11-24 11:59:36,065] {scheduler_job.py:1668} INFO - Creating / updating <TaskInstance: treino-02.get-data 2020-11-24 11:32:00+00:00 [scheduled]> in ORM
[2020-11-24 11:59:36,072] {scheduler_job.py:162} INFO - Processing /home/thomaz/airflow/dags/treino02.py took 0.321 seconds
[2020-11-24 12:00:48,072] {scheduler_job.py:154} INFO - Started process (PID=81846) to work on /home/thomaz/airflow/dags/treino02.py
[2020-11-24 12:00:48,078] {scheduler_job.py:1589} INFO - Processing file /home/thomaz/airflow/dags/treino02.py for tasks to queue
[2020-11-24 12:00:48,079] {logging_mixin.py:112} INFO - [2020-11-24 12:00:48,078] {dagbag.py:417} INFO - Filling up the DagBag from /home/thomaz/airflow/dags/treino02.py
[2020-11-24 12:00:48,290] {scheduler_job.py:1601} INFO - DAG(s) dict_keys(['treino-02']) retrieved from /home/thomaz/airflow/dags/treino02.py
[2020-11-24 12:00:48,304] {scheduler_job.py:1305} INFO - Processing treino-02
[2020-11-24 12:00:48,328] {scheduler_job.py:1315} INFO - Created <DagRun treino-02 @ 2020-11-24T11:34:00+00:00: scheduled__2020-11-24T11:34:00+00:00, externally triggered: False>
[2020-11-24 12:00:48,330] {scheduler_job.py:771} INFO - Examining DAG run <DagRun treino-02 @ 2020-11-24 11:24:00+00:00: scheduled__2020-11-24T11:24:00+00:00, externally triggered: False>
[2020-11-24 12:00:48,335] {logging_mixin.py:112} INFO - [2020-11-24 12:00:48,335] {dagrun.py:311} INFO - Marking run <DagRun treino-02 @ 2020-11-24 11:24:00+00:00: scheduled__2020-11-24T11:24:00+00:00, externally triggered: False> failed
[2020-11-24 12:00:48,339] {scheduler_job.py:771} INFO - Examining DAG run <DagRun treino-02 @ 2020-11-24 11:26:00+00:00: scheduled__2020-11-24T11:26:00+00:00, externally triggered: False>
[2020-11-24 12:00:48,354] {scheduler_job.py:771} INFO - Examining DAG run <DagRun treino-02 @ 2020-11-24 11:28:00+00:00: scheduled__2020-11-24T11:28:00+00:00, externally triggered: False>
[2020-11-24 12:00:48,362] {scheduler_job.py:771} INFO - Examining DAG run <DagRun treino-02 @ 2020-11-24 11:30:00+00:00: scheduled__2020-11-24T11:30:00+00:00, externally triggered: False>
[2020-11-24 12:00:48,371] {scheduler_job.py:771} INFO - Examining DAG run <DagRun treino-02 @ 2020-11-24 11:32:00+00:00: scheduled__2020-11-24T11:32:00+00:00, externally triggered: False>
[2020-11-24 12:00:48,378] {scheduler_job.py:771} INFO - Examining DAG run <DagRun treino-02 @ 2020-11-24 11:34:00+00:00: scheduled__2020-11-24T11:34:00+00:00, externally triggered: False>
[2020-11-24 12:00:48,424] {scheduler_job.py:459} INFO - Skipping SLA check for <DAG: treino-02> because no tasks in DAG have SLAs
[2020-11-24 12:00:48,427] {scheduler_job.py:1668} INFO - Creating / updating <TaskInstance: treino-02.calcula-idade-media 2020-11-24 11:28:00+00:00 [scheduled]> in ORM
[2020-11-24 12:00:48,429] {scheduler_job.py:1668} INFO - Creating / updating <TaskInstance: treino-02.calcula-idade-media 2020-11-24 11:32:00+00:00 [scheduled]> in ORM
[2020-11-24 12:00:48,431] {scheduler_job.py:1668} INFO - Creating / updating <TaskInstance: treino-02.get-data 2020-11-24 11:34:00+00:00 [scheduled]> in ORM
[2020-11-24 12:00:48,439] {scheduler_job.py:162} INFO - Processing /home/thomaz/airflow/dags/treino02.py took 0.367 seconds
[2020-11-24 12:02:00,274] {scheduler_job.py:154} INFO - Started process (PID=82152) to work on /home/thomaz/airflow/dags/treino02.py
[2020-11-24 12:02:00,278] {scheduler_job.py:1589} INFO - Processing file /home/thomaz/airflow/dags/treino02.py for tasks to queue
[2020-11-24 12:02:00,279] {logging_mixin.py:112} INFO - [2020-11-24 12:02:00,279] {dagbag.py:417} INFO - Filling up the DagBag from /home/thomaz/airflow/dags/treino02.py
[2020-11-24 12:02:00,499] {scheduler_job.py:1601} INFO - DAG(s) dict_keys(['treino-02']) retrieved from /home/thomaz/airflow/dags/treino02.py
[2020-11-24 12:02:00,516] {scheduler_job.py:1305} INFO - Processing treino-02
[2020-11-24 12:02:00,544] {scheduler_job.py:1315} INFO - Created <DagRun treino-02 @ 2020-11-24T11:36:00+00:00: scheduled__2020-11-24T11:36:00+00:00, externally triggered: False>
[2020-11-24 12:02:00,546] {scheduler_job.py:771} INFO - Examining DAG run <DagRun treino-02 @ 2020-11-24 11:26:00+00:00: scheduled__2020-11-24T11:26:00+00:00, externally triggered: False>
[2020-11-24 12:02:00,551] {logging_mixin.py:112} INFO - [2020-11-24 12:02:00,550] {dagrun.py:311} INFO - Marking run <DagRun treino-02 @ 2020-11-24 11:26:00+00:00: scheduled__2020-11-24T11:26:00+00:00, externally triggered: False> failed
[2020-11-24 12:02:00,555] {scheduler_job.py:771} INFO - Examining DAG run <DagRun treino-02 @ 2020-11-24 11:28:00+00:00: scheduled__2020-11-24T11:28:00+00:00, externally triggered: False>
[2020-11-24 12:02:00,570] {scheduler_job.py:771} INFO - Examining DAG run <DagRun treino-02 @ 2020-11-24 11:30:00+00:00: scheduled__2020-11-24T11:30:00+00:00, externally triggered: False>
[2020-11-24 12:02:00,579] {scheduler_job.py:771} INFO - Examining DAG run <DagRun treino-02 @ 2020-11-24 11:32:00+00:00: scheduled__2020-11-24T11:32:00+00:00, externally triggered: False>
[2020-11-24 12:02:00,588] {scheduler_job.py:771} INFO - Examining DAG run <DagRun treino-02 @ 2020-11-24 11:34:00+00:00: scheduled__2020-11-24T11:34:00+00:00, externally triggered: False>
[2020-11-24 12:02:00,596] {scheduler_job.py:771} INFO - Examining DAG run <DagRun treino-02 @ 2020-11-24 11:36:00+00:00: scheduled__2020-11-24T11:36:00+00:00, externally triggered: False>
[2020-11-24 12:02:00,641] {scheduler_job.py:459} INFO - Skipping SLA check for <DAG: treino-02> because no tasks in DAG have SLAs
[2020-11-24 12:02:00,643] {scheduler_job.py:1668} INFO - Creating / updating <TaskInstance: treino-02.calcula-idade-media 2020-11-24 11:30:00+00:00 [scheduled]> in ORM
[2020-11-24 12:02:00,646] {scheduler_job.py:1668} INFO - Creating / updating <TaskInstance: treino-02.calcula-idade-media 2020-11-24 11:34:00+00:00 [scheduled]> in ORM
[2020-11-24 12:02:00,648] {scheduler_job.py:1668} INFO - Creating / updating <TaskInstance: treino-02.get-data 2020-11-24 11:36:00+00:00 [scheduled]> in ORM
[2020-11-24 12:02:00,658] {scheduler_job.py:162} INFO - Processing /home/thomaz/airflow/dags/treino02.py took 0.384 seconds
[2020-11-24 12:03:12,329] {scheduler_job.py:154} INFO - Started process (PID=82452) to work on /home/thomaz/airflow/dags/treino02.py
[2020-11-24 12:03:12,336] {scheduler_job.py:1589} INFO - Processing file /home/thomaz/airflow/dags/treino02.py for tasks to queue
[2020-11-24 12:03:12,337] {logging_mixin.py:112} INFO - [2020-11-24 12:03:12,336] {dagbag.py:417} INFO - Filling up the DagBag from /home/thomaz/airflow/dags/treino02.py
[2020-11-24 12:03:12,581] {scheduler_job.py:1601} INFO - DAG(s) dict_keys(['treino-02']) retrieved from /home/thomaz/airflow/dags/treino02.py
[2020-11-24 12:03:12,598] {scheduler_job.py:1305} INFO - Processing treino-02
[2020-11-24 12:03:12,625] {scheduler_job.py:1315} INFO - Created <DagRun treino-02 @ 2020-11-24T11:38:00+00:00: scheduled__2020-11-24T11:38:00+00:00, externally triggered: False>
[2020-11-24 12:03:12,628] {scheduler_job.py:771} INFO - Examining DAG run <DagRun treino-02 @ 2020-11-24 11:28:00+00:00: scheduled__2020-11-24T11:28:00+00:00, externally triggered: False>
[2020-11-24 12:03:12,633] {logging_mixin.py:112} INFO - [2020-11-24 12:03:12,632] {dagrun.py:311} INFO - Marking run <DagRun treino-02 @ 2020-11-24 11:28:00+00:00: scheduled__2020-11-24T11:28:00+00:00, externally triggered: False> failed
[2020-11-24 12:03:12,637] {scheduler_job.py:771} INFO - Examining DAG run <DagRun treino-02 @ 2020-11-24 11:30:00+00:00: scheduled__2020-11-24T11:30:00+00:00, externally triggered: False>
[2020-11-24 12:03:12,652] {scheduler_job.py:771} INFO - Examining DAG run <DagRun treino-02 @ 2020-11-24 11:32:00+00:00: scheduled__2020-11-24T11:32:00+00:00, externally triggered: False>
[2020-11-24 12:03:12,662] {scheduler_job.py:771} INFO - Examining DAG run <DagRun treino-02 @ 2020-11-24 11:34:00+00:00: scheduled__2020-11-24T11:34:00+00:00, externally triggered: False>
[2020-11-24 12:03:12,670] {scheduler_job.py:771} INFO - Examining DAG run <DagRun treino-02 @ 2020-11-24 11:36:00+00:00: scheduled__2020-11-24T11:36:00+00:00, externally triggered: False>
[2020-11-24 12:03:12,680] {scheduler_job.py:771} INFO - Examining DAG run <DagRun treino-02 @ 2020-11-24 11:38:00+00:00: scheduled__2020-11-24T11:38:00+00:00, externally triggered: False>
[2020-11-24 12:03:12,729] {scheduler_job.py:459} INFO - Skipping SLA check for <DAG: treino-02> because no tasks in DAG have SLAs
[2020-11-24 12:03:12,732] {scheduler_job.py:1668} INFO - Creating / updating <TaskInstance: treino-02.calcula-idade-media 2020-11-24 11:32:00+00:00 [scheduled]> in ORM
[2020-11-24 12:03:12,734] {scheduler_job.py:1668} INFO - Creating / updating <TaskInstance: treino-02.calcula-idade-media 2020-11-24 11:36:00+00:00 [scheduled]> in ORM
[2020-11-24 12:03:12,736] {scheduler_job.py:1668} INFO - Creating / updating <TaskInstance: treino-02.get-data 2020-11-24 11:38:00+00:00 [scheduled]> in ORM
[2020-11-24 12:03:12,743] {scheduler_job.py:162} INFO - Processing /home/thomaz/airflow/dags/treino02.py took 0.414 seconds
[2020-11-24 12:04:24,550] {scheduler_job.py:154} INFO - Started process (PID=82786) to work on /home/thomaz/airflow/dags/treino02.py
[2020-11-24 12:04:24,556] {scheduler_job.py:1589} INFO - Processing file /home/thomaz/airflow/dags/treino02.py for tasks to queue
[2020-11-24 12:04:24,556] {logging_mixin.py:112} INFO - [2020-11-24 12:04:24,556] {dagbag.py:417} INFO - Filling up the DagBag from /home/thomaz/airflow/dags/treino02.py
[2020-11-24 12:04:24,764] {scheduler_job.py:1601} INFO - DAG(s) dict_keys(['treino-02']) retrieved from /home/thomaz/airflow/dags/treino02.py
[2020-11-24 12:04:24,781] {scheduler_job.py:1305} INFO - Processing treino-02
[2020-11-24 12:04:24,806] {scheduler_job.py:1315} INFO - Created <DagRun treino-02 @ 2020-11-24T11:40:00+00:00: scheduled__2020-11-24T11:40:00+00:00, externally triggered: False>
[2020-11-24 12:04:24,808] {scheduler_job.py:771} INFO - Examining DAG run <DagRun treino-02 @ 2020-11-24 11:30:00+00:00: scheduled__2020-11-24T11:30:00+00:00, externally triggered: False>
[2020-11-24 12:04:24,812] {logging_mixin.py:112} INFO - [2020-11-24 12:04:24,812] {dagrun.py:311} INFO - Marking run <DagRun treino-02 @ 2020-11-24 11:30:00+00:00: scheduled__2020-11-24T11:30:00+00:00, externally triggered: False> failed
[2020-11-24 12:04:24,816] {scheduler_job.py:771} INFO - Examining DAG run <DagRun treino-02 @ 2020-11-24 11:32:00+00:00: scheduled__2020-11-24T11:32:00+00:00, externally triggered: False>
[2020-11-24 12:04:24,831] {scheduler_job.py:771} INFO - Examining DAG run <DagRun treino-02 @ 2020-11-24 11:34:00+00:00: scheduled__2020-11-24T11:34:00+00:00, externally triggered: False>
[2020-11-24 12:04:24,841] {scheduler_job.py:771} INFO - Examining DAG run <DagRun treino-02 @ 2020-11-24 11:36:00+00:00: scheduled__2020-11-24T11:36:00+00:00, externally triggered: False>
[2020-11-24 12:04:24,849] {scheduler_job.py:771} INFO - Examining DAG run <DagRun treino-02 @ 2020-11-24 11:38:00+00:00: scheduled__2020-11-24T11:38:00+00:00, externally triggered: False>
[2020-11-24 12:04:24,857] {scheduler_job.py:771} INFO - Examining DAG run <DagRun treino-02 @ 2020-11-24 11:40:00+00:00: scheduled__2020-11-24T11:40:00+00:00, externally triggered: False>
[2020-11-24 12:04:24,899] {scheduler_job.py:459} INFO - Skipping SLA check for <DAG: treino-02> because no tasks in DAG have SLAs
[2020-11-24 12:04:24,901] {scheduler_job.py:1668} INFO - Creating / updating <TaskInstance: treino-02.calcula-idade-media 2020-11-24 11:34:00+00:00 [scheduled]> in ORM
[2020-11-24 12:04:24,903] {scheduler_job.py:1668} INFO - Creating / updating <TaskInstance: treino-02.calcula-idade-media 2020-11-24 11:38:00+00:00 [scheduled]> in ORM
[2020-11-24 12:04:24,905] {scheduler_job.py:1668} INFO - Creating / updating <TaskInstance: treino-02.get-data 2020-11-24 11:40:00+00:00 [scheduled]> in ORM
[2020-11-24 12:04:24,913] {scheduler_job.py:162} INFO - Processing /home/thomaz/airflow/dags/treino02.py took 0.363 seconds
[2020-11-24 12:05:37,044] {scheduler_job.py:154} INFO - Started process (PID=83280) to work on /home/thomaz/airflow/dags/treino02.py
[2020-11-24 12:05:37,048] {scheduler_job.py:1589} INFO - Processing file /home/thomaz/airflow/dags/treino02.py for tasks to queue
[2020-11-24 12:05:37,048] {logging_mixin.py:112} INFO - [2020-11-24 12:05:37,048] {dagbag.py:417} INFO - Filling up the DagBag from /home/thomaz/airflow/dags/treino02.py
[2020-11-24 12:05:37,289] {scheduler_job.py:1601} INFO - DAG(s) dict_keys(['treino-02']) retrieved from /home/thomaz/airflow/dags/treino02.py
[2020-11-24 12:05:37,308] {scheduler_job.py:1305} INFO - Processing treino-02
[2020-11-24 12:05:37,336] {scheduler_job.py:1315} INFO - Created <DagRun treino-02 @ 2020-11-24T11:42:00+00:00: scheduled__2020-11-24T11:42:00+00:00, externally triggered: False>
[2020-11-24 12:05:37,338] {scheduler_job.py:771} INFO - Examining DAG run <DagRun treino-02 @ 2020-11-24 11:32:00+00:00: scheduled__2020-11-24T11:32:00+00:00, externally triggered: False>
[2020-11-24 12:05:37,343] {logging_mixin.py:112} INFO - [2020-11-24 12:05:37,343] {dagrun.py:311} INFO - Marking run <DagRun treino-02 @ 2020-11-24 11:32:00+00:00: scheduled__2020-11-24T11:32:00+00:00, externally triggered: False> failed
[2020-11-24 12:05:37,347] {scheduler_job.py:771} INFO - Examining DAG run <DagRun treino-02 @ 2020-11-24 11:34:00+00:00: scheduled__2020-11-24T11:34:00+00:00, externally triggered: False>
[2020-11-24 12:05:37,359] {scheduler_job.py:771} INFO - Examining DAG run <DagRun treino-02 @ 2020-11-24 11:36:00+00:00: scheduled__2020-11-24T11:36:00+00:00, externally triggered: False>
[2020-11-24 12:05:37,367] {scheduler_job.py:771} INFO - Examining DAG run <DagRun treino-02 @ 2020-11-24 11:38:00+00:00: scheduled__2020-11-24T11:38:00+00:00, externally triggered: False>
[2020-11-24 12:05:37,378] {scheduler_job.py:771} INFO - Examining DAG run <DagRun treino-02 @ 2020-11-24 11:40:00+00:00: scheduled__2020-11-24T11:40:00+00:00, externally triggered: False>
[2020-11-24 12:05:37,389] {scheduler_job.py:771} INFO - Examining DAG run <DagRun treino-02 @ 2020-11-24 11:42:00+00:00: scheduled__2020-11-24T11:42:00+00:00, externally triggered: False>
[2020-11-24 12:05:37,442] {scheduler_job.py:459} INFO - Skipping SLA check for <DAG: treino-02> because no tasks in DAG have SLAs
[2020-11-24 12:05:37,445] {scheduler_job.py:1668} INFO - Creating / updating <TaskInstance: treino-02.mostra-idade 2020-11-24 11:34:00+00:00 [scheduled]> in ORM
[2020-11-24 12:05:37,447] {scheduler_job.py:1668} INFO - Creating / updating <TaskInstance: treino-02.calcula-idade-media 2020-11-24 11:36:00+00:00 [scheduled]> in ORM
[2020-11-24 12:05:37,450] {scheduler_job.py:1668} INFO - Creating / updating <TaskInstance: treino-02.mostra-idade 2020-11-24 11:38:00+00:00 [scheduled]> in ORM
[2020-11-24 12:05:37,452] {scheduler_job.py:1668} INFO - Creating / updating <TaskInstance: treino-02.calcula-idade-media 2020-11-24 11:40:00+00:00 [scheduled]> in ORM
[2020-11-24 12:05:37,456] {scheduler_job.py:1668} INFO - Creating / updating <TaskInstance: treino-02.get-data 2020-11-24 11:42:00+00:00 [scheduled]> in ORM
[2020-11-24 12:05:37,464] {scheduler_job.py:162} INFO - Processing /home/thomaz/airflow/dags/treino02.py took 0.420 seconds
[2020-11-24 12:07:02,503] {scheduler_job.py:154} INFO - Started process (PID=83609) to work on /home/thomaz/airflow/dags/treino02.py
[2020-11-24 12:07:02,506] {scheduler_job.py:1589} INFO - Processing file /home/thomaz/airflow/dags/treino02.py for tasks to queue
[2020-11-24 12:07:02,507] {logging_mixin.py:112} INFO - [2020-11-24 12:07:02,506] {dagbag.py:417} INFO - Filling up the DagBag from /home/thomaz/airflow/dags/treino02.py
[2020-11-24 12:07:02,688] {scheduler_job.py:1601} INFO - DAG(s) dict_keys(['treino-02']) retrieved from /home/thomaz/airflow/dags/treino02.py
[2020-11-24 12:07:02,704] {scheduler_job.py:1305} INFO - Processing treino-02
[2020-11-24 12:07:02,730] {scheduler_job.py:1315} INFO - Created <DagRun treino-02 @ 2020-11-24T11:44:00+00:00: scheduled__2020-11-24T11:44:00+00:00, externally triggered: False>
[2020-11-24 12:07:02,731] {scheduler_job.py:771} INFO - Examining DAG run <DagRun treino-02 @ 2020-11-24 11:34:00+00:00: scheduled__2020-11-24T11:34:00+00:00, externally triggered: False>
[2020-11-24 12:07:02,735] {logging_mixin.py:112} INFO - [2020-11-24 12:07:02,735] {dagrun.py:320} INFO - Marking run <DagRun treino-02 @ 2020-11-24 11:34:00+00:00: scheduled__2020-11-24T11:34:00+00:00, externally triggered: False> successful
[2020-11-24 12:07:02,740] {scheduler_job.py:771} INFO - Examining DAG run <DagRun treino-02 @ 2020-11-24 11:36:00+00:00: scheduled__2020-11-24T11:36:00+00:00, externally triggered: False>
[2020-11-24 12:07:02,749] {scheduler_job.py:771} INFO - Examining DAG run <DagRun treino-02 @ 2020-11-24 11:38:00+00:00: scheduled__2020-11-24T11:38:00+00:00, externally triggered: False>
[2020-11-24 12:07:02,753] {logging_mixin.py:112} INFO - [2020-11-24 12:07:02,753] {dagrun.py:320} INFO - Marking run <DagRun treino-02 @ 2020-11-24 11:38:00+00:00: scheduled__2020-11-24T11:38:00+00:00, externally triggered: False> successful
[2020-11-24 12:07:02,760] {scheduler_job.py:771} INFO - Examining DAG run <DagRun treino-02 @ 2020-11-24 11:40:00+00:00: scheduled__2020-11-24T11:40:00+00:00, externally triggered: False>
[2020-11-24 12:07:02,774] {scheduler_job.py:771} INFO - Examining DAG run <DagRun treino-02 @ 2020-11-24 11:42:00+00:00: scheduled__2020-11-24T11:42:00+00:00, externally triggered: False>
[2020-11-24 12:07:02,784] {scheduler_job.py:771} INFO - Examining DAG run <DagRun treino-02 @ 2020-11-24 11:44:00+00:00: scheduled__2020-11-24T11:44:00+00:00, externally triggered: False>
[2020-11-24 12:07:02,817] {scheduler_job.py:459} INFO - Skipping SLA check for <DAG: treino-02> because no tasks in DAG have SLAs
[2020-11-24 12:07:02,819] {scheduler_job.py:1668} INFO - Creating / updating <TaskInstance: treino-02.mostra-idade 2020-11-24 11:36:00+00:00 [scheduled]> in ORM
[2020-11-24 12:07:02,821] {scheduler_job.py:1668} INFO - Creating / updating <TaskInstance: treino-02.mostra-idade 2020-11-24 11:40:00+00:00 [scheduled]> in ORM
[2020-11-24 12:07:02,823] {scheduler_job.py:1668} INFO - Creating / updating <TaskInstance: treino-02.calcula-idade-media 2020-11-24 11:42:00+00:00 [scheduled]> in ORM
[2020-11-24 12:07:02,825] {scheduler_job.py:1668} INFO - Creating / updating <TaskInstance: treino-02.get-data 2020-11-24 11:44:00+00:00 [scheduled]> in ORM
[2020-11-24 12:07:02,832] {scheduler_job.py:162} INFO - Processing /home/thomaz/airflow/dags/treino02.py took 0.329 seconds
[2020-11-24 12:08:20,374] {scheduler_job.py:154} INFO - Started process (PID=83931) to work on /home/thomaz/airflow/dags/treino02.py
[2020-11-24 12:08:20,379] {scheduler_job.py:1589} INFO - Processing file /home/thomaz/airflow/dags/treino02.py for tasks to queue
[2020-11-24 12:08:20,380] {logging_mixin.py:112} INFO - [2020-11-24 12:08:20,380] {dagbag.py:417} INFO - Filling up the DagBag from /home/thomaz/airflow/dags/treino02.py
[2020-11-24 12:08:20,569] {scheduler_job.py:1601} INFO - DAG(s) dict_keys(['treino-02']) retrieved from /home/thomaz/airflow/dags/treino02.py
[2020-11-24 12:08:20,583] {scheduler_job.py:1305} INFO - Processing treino-02
[2020-11-24 12:08:20,606] {scheduler_job.py:1315} INFO - Created <DagRun treino-02 @ 2020-11-24T11:46:00+00:00: scheduled__2020-11-24T11:46:00+00:00, externally triggered: False>
[2020-11-24 12:08:20,608] {scheduler_job.py:771} INFO - Examining DAG run <DagRun treino-02 @ 2020-11-24 11:36:00+00:00: scheduled__2020-11-24T11:36:00+00:00, externally triggered: False>
[2020-11-24 12:08:20,612] {logging_mixin.py:112} INFO - [2020-11-24 12:08:20,612] {dagrun.py:320} INFO - Marking run <DagRun treino-02 @ 2020-11-24 11:36:00+00:00: scheduled__2020-11-24T11:36:00+00:00, externally triggered: False> successful
[2020-11-24 12:08:20,616] {scheduler_job.py:771} INFO - Examining DAG run <DagRun treino-02 @ 2020-11-24 11:40:00+00:00: scheduled__2020-11-24T11:40:00+00:00, externally triggered: False>
[2020-11-24 12:08:20,621] {logging_mixin.py:112} INFO - [2020-11-24 12:08:20,621] {dagrun.py:320} INFO - Marking run <DagRun treino-02 @ 2020-11-24 11:40:00+00:00: scheduled__2020-11-24T11:40:00+00:00, externally triggered: False> successful
[2020-11-24 12:08:20,625] {scheduler_job.py:771} INFO - Examining DAG run <DagRun treino-02 @ 2020-11-24 11:42:00+00:00: scheduled__2020-11-24T11:42:00+00:00, externally triggered: False>
[2020-11-24 12:08:20,632] {scheduler_job.py:771} INFO - Examining DAG run <DagRun treino-02 @ 2020-11-24 11:44:00+00:00: scheduled__2020-11-24T11:44:00+00:00, externally triggered: False>
[2020-11-24 12:08:20,640] {scheduler_job.py:771} INFO - Examining DAG run <DagRun treino-02 @ 2020-11-24 11:46:00+00:00: scheduled__2020-11-24T11:46:00+00:00, externally triggered: False>
[2020-11-24 12:08:20,667] {scheduler_job.py:459} INFO - Skipping SLA check for <DAG: treino-02> because no tasks in DAG have SLAs
[2020-11-24 12:08:20,669] {scheduler_job.py:1668} INFO - Creating / updating <TaskInstance: treino-02.mostra-idade 2020-11-24 11:42:00+00:00 [scheduled]> in ORM
[2020-11-24 12:08:20,671] {scheduler_job.py:1668} INFO - Creating / updating <TaskInstance: treino-02.calcula-idade-media 2020-11-24 11:44:00+00:00 [scheduled]> in ORM
[2020-11-24 12:08:20,673] {scheduler_job.py:1668} INFO - Creating / updating <TaskInstance: treino-02.get-data 2020-11-24 11:46:00+00:00 [scheduled]> in ORM
[2020-11-24 12:08:20,680] {scheduler_job.py:162} INFO - Processing /home/thomaz/airflow/dags/treino02.py took 0.307 seconds
[2020-11-24 12:09:31,971] {scheduler_job.py:154} INFO - Started process (PID=84193) to work on /home/thomaz/airflow/dags/treino02.py
[2020-11-24 12:09:31,977] {scheduler_job.py:1589} INFO - Processing file /home/thomaz/airflow/dags/treino02.py for tasks to queue
[2020-11-24 12:09:31,978] {logging_mixin.py:112} INFO - [2020-11-24 12:09:31,978] {dagbag.py:417} INFO - Filling up the DagBag from /home/thomaz/airflow/dags/treino02.py
[2020-11-24 12:09:32,163] {scheduler_job.py:1601} INFO - DAG(s) dict_keys(['treino-02']) retrieved from /home/thomaz/airflow/dags/treino02.py
[2020-11-24 12:09:32,177] {scheduler_job.py:1305} INFO - Processing treino-02
[2020-11-24 12:09:32,199] {scheduler_job.py:1315} INFO - Created <DagRun treino-02 @ 2020-11-24T11:48:00+00:00: scheduled__2020-11-24T11:48:00+00:00, externally triggered: False>
[2020-11-24 12:09:32,201] {scheduler_job.py:771} INFO - Examining DAG run <DagRun treino-02 @ 2020-11-24 11:42:00+00:00: scheduled__2020-11-24T11:42:00+00:00, externally triggered: False>
[2020-11-24 12:09:32,205] {logging_mixin.py:112} INFO - [2020-11-24 12:09:32,205] {dagrun.py:320} INFO - Marking run <DagRun treino-02 @ 2020-11-24 11:42:00+00:00: scheduled__2020-11-24T11:42:00+00:00, externally triggered: False> successful
[2020-11-24 12:09:32,208] {scheduler_job.py:771} INFO - Examining DAG run <DagRun treino-02 @ 2020-11-24 11:44:00+00:00: scheduled__2020-11-24T11:44:00+00:00, externally triggered: False>
[2020-11-24 12:09:32,216] {scheduler_job.py:771} INFO - Examining DAG run <DagRun treino-02 @ 2020-11-24 11:46:00+00:00: scheduled__2020-11-24T11:46:00+00:00, externally triggered: False>
[2020-11-24 12:09:32,224] {scheduler_job.py:771} INFO - Examining DAG run <DagRun treino-02 @ 2020-11-24 11:48:00+00:00: scheduled__2020-11-24T11:48:00+00:00, externally triggered: False>
[2020-11-24 12:09:32,250] {scheduler_job.py:459} INFO - Skipping SLA check for <DAG: treino-02> because no tasks in DAG have SLAs
[2020-11-24 12:09:32,252] {scheduler_job.py:1668} INFO - Creating / updating <TaskInstance: treino-02.mostra-idade 2020-11-24 11:44:00+00:00 [scheduled]> in ORM
[2020-11-24 12:09:32,254] {scheduler_job.py:1668} INFO - Creating / updating <TaskInstance: treino-02.calcula-idade-media 2020-11-24 11:46:00+00:00 [scheduled]> in ORM
[2020-11-24 12:09:32,257] {scheduler_job.py:1668} INFO - Creating / updating <TaskInstance: treino-02.get-data 2020-11-24 11:48:00+00:00 [scheduled]> in ORM
[2020-11-24 12:09:32,264] {scheduler_job.py:162} INFO - Processing /home/thomaz/airflow/dags/treino02.py took 0.292 seconds
[2020-11-24 12:10:43,938] {scheduler_job.py:154} INFO - Started process (PID=84566) to work on /home/thomaz/airflow/dags/treino02.py
[2020-11-24 12:10:43,944] {scheduler_job.py:1589} INFO - Processing file /home/thomaz/airflow/dags/treino02.py for tasks to queue
[2020-11-24 12:10:43,945] {logging_mixin.py:112} INFO - [2020-11-24 12:10:43,944] {dagbag.py:417} INFO - Filling up the DagBag from /home/thomaz/airflow/dags/treino02.py
[2020-11-24 12:10:44,157] {scheduler_job.py:1601} INFO - DAG(s) dict_keys(['treino-02']) retrieved from /home/thomaz/airflow/dags/treino02.py
[2020-11-24 12:10:44,172] {scheduler_job.py:1305} INFO - Processing treino-02
[2020-11-24 12:10:44,197] {scheduler_job.py:1315} INFO - Created <DagRun treino-02 @ 2020-11-24T11:50:00+00:00: scheduled__2020-11-24T11:50:00+00:00, externally triggered: False>
[2020-11-24 12:10:44,199] {scheduler_job.py:771} INFO - Examining DAG run <DagRun treino-02 @ 2020-11-24 11:44:00+00:00: scheduled__2020-11-24T11:44:00+00:00, externally triggered: False>
[2020-11-24 12:10:44,203] {logging_mixin.py:112} INFO - [2020-11-24 12:10:44,203] {dagrun.py:320} INFO - Marking run <DagRun treino-02 @ 2020-11-24 11:44:00+00:00: scheduled__2020-11-24T11:44:00+00:00, externally triggered: False> successful
[2020-11-24 12:10:44,208] {scheduler_job.py:771} INFO - Examining DAG run <DagRun treino-02 @ 2020-11-24 11:46:00+00:00: scheduled__2020-11-24T11:46:00+00:00, externally triggered: False>
[2020-11-24 12:10:44,218] {scheduler_job.py:771} INFO - Examining DAG run <DagRun treino-02 @ 2020-11-24 11:48:00+00:00: scheduled__2020-11-24T11:48:00+00:00, externally triggered: False>
[2020-11-24 12:10:44,227] {scheduler_job.py:771} INFO - Examining DAG run <DagRun treino-02 @ 2020-11-24 11:50:00+00:00: scheduled__2020-11-24T11:50:00+00:00, externally triggered: False>
[2020-11-24 12:10:44,258] {scheduler_job.py:459} INFO - Skipping SLA check for <DAG: treino-02> because no tasks in DAG have SLAs
[2020-11-24 12:10:44,262] {scheduler_job.py:1668} INFO - Creating / updating <TaskInstance: treino-02.mostra-idade 2020-11-24 11:46:00+00:00 [scheduled]> in ORM
[2020-11-24 12:10:44,265] {scheduler_job.py:1668} INFO - Creating / updating <TaskInstance: treino-02.calcula-idade-media 2020-11-24 11:48:00+00:00 [scheduled]> in ORM
[2020-11-24 12:10:44,267] {scheduler_job.py:1668} INFO - Creating / updating <TaskInstance: treino-02.get-data 2020-11-24 11:50:00+00:00 [scheduled]> in ORM
[2020-11-24 12:10:44,277] {scheduler_job.py:162} INFO - Processing /home/thomaz/airflow/dags/treino02.py took 0.339 seconds
[2020-11-24 12:11:56,516] {scheduler_job.py:154} INFO - Started process (PID=84871) to work on /home/thomaz/airflow/dags/treino02.py
[2020-11-24 12:11:56,523] {scheduler_job.py:1589} INFO - Processing file /home/thomaz/airflow/dags/treino02.py for tasks to queue
[2020-11-24 12:11:56,524] {logging_mixin.py:112} INFO - [2020-11-24 12:11:56,524] {dagbag.py:417} INFO - Filling up the DagBag from /home/thomaz/airflow/dags/treino02.py
[2020-11-24 12:11:56,735] {scheduler_job.py:1601} INFO - DAG(s) dict_keys(['treino-02']) retrieved from /home/thomaz/airflow/dags/treino02.py
[2020-11-24 12:11:56,749] {scheduler_job.py:162} INFO - Processing /home/thomaz/airflow/dags/treino02.py took 0.233 seconds
[2020-11-24 12:12:50,567] {scheduler_job.py:154} INFO - Started process (PID=85100) to work on /home/thomaz/airflow/dags/treino02.py
[2020-11-24 12:12:50,573] {scheduler_job.py:1589} INFO - Processing file /home/thomaz/airflow/dags/treino02.py for tasks to queue
[2020-11-24 12:12:50,573] {logging_mixin.py:112} INFO - [2020-11-24 12:12:50,573] {dagbag.py:417} INFO - Filling up the DagBag from /home/thomaz/airflow/dags/treino02.py
[2020-11-24 12:12:50,759] {scheduler_job.py:1601} INFO - DAG(s) dict_keys(['treino-02']) retrieved from /home/thomaz/airflow/dags/treino02.py
[2020-11-24 12:12:50,773] {scheduler_job.py:162} INFO - Processing /home/thomaz/airflow/dags/treino02.py took 0.206 seconds
[2020-11-24 12:13:44,622] {scheduler_job.py:154} INFO - Started process (PID=85284) to work on /home/thomaz/airflow/dags/treino02.py
[2020-11-24 12:13:44,624] {scheduler_job.py:1589} INFO - Processing file /home/thomaz/airflow/dags/treino02.py for tasks to queue
[2020-11-24 12:13:44,624] {logging_mixin.py:112} INFO - [2020-11-24 12:13:44,624] {dagbag.py:417} INFO - Filling up the DagBag from /home/thomaz/airflow/dags/treino02.py
[2020-11-24 12:13:44,804] {scheduler_job.py:1601} INFO - DAG(s) dict_keys(['treino-02']) retrieved from /home/thomaz/airflow/dags/treino02.py
[2020-11-24 12:13:44,817] {scheduler_job.py:162} INFO - Processing /home/thomaz/airflow/dags/treino02.py took 0.195 seconds
[2020-11-24 12:14:38,692] {scheduler_job.py:154} INFO - Started process (PID=85476) to work on /home/thomaz/airflow/dags/treino02.py
[2020-11-24 12:14:38,699] {scheduler_job.py:1589} INFO - Processing file /home/thomaz/airflow/dags/treino02.py for tasks to queue
[2020-11-24 12:14:38,701] {logging_mixin.py:112} INFO - [2020-11-24 12:14:38,700] {dagbag.py:417} INFO - Filling up the DagBag from /home/thomaz/airflow/dags/treino02.py
[2020-11-24 12:14:38,916] {scheduler_job.py:1601} INFO - DAG(s) dict_keys(['treino-02']) retrieved from /home/thomaz/airflow/dags/treino02.py
[2020-11-24 12:14:38,931] {scheduler_job.py:162} INFO - Processing /home/thomaz/airflow/dags/treino02.py took 0.239 seconds
[2020-11-24 12:15:32,739] {scheduler_job.py:154} INFO - Started process (PID=85728) to work on /home/thomaz/airflow/dags/treino02.py
[2020-11-24 12:15:32,741] {scheduler_job.py:1589} INFO - Processing file /home/thomaz/airflow/dags/treino02.py for tasks to queue
[2020-11-24 12:15:32,742] {logging_mixin.py:112} INFO - [2020-11-24 12:15:32,741] {dagbag.py:417} INFO - Filling up the DagBag from /home/thomaz/airflow/dags/treino02.py
[2020-11-24 12:15:32,912] {scheduler_job.py:1601} INFO - DAG(s) dict_keys(['treino-02']) retrieved from /home/thomaz/airflow/dags/treino02.py
[2020-11-24 12:15:32,925] {scheduler_job.py:162} INFO - Processing /home/thomaz/airflow/dags/treino02.py took 0.185 seconds
[2020-11-24 12:16:26,816] {scheduler_job.py:154} INFO - Started process (PID=85922) to work on /home/thomaz/airflow/dags/treino02.py
[2020-11-24 12:16:26,822] {scheduler_job.py:1589} INFO - Processing file /home/thomaz/airflow/dags/treino02.py for tasks to queue
[2020-11-24 12:16:26,823] {logging_mixin.py:112} INFO - [2020-11-24 12:16:26,823] {dagbag.py:417} INFO - Filling up the DagBag from /home/thomaz/airflow/dags/treino02.py
[2020-11-24 12:16:27,015] {scheduler_job.py:1601} INFO - DAG(s) dict_keys(['treino-02']) retrieved from /home/thomaz/airflow/dags/treino02.py
[2020-11-24 12:16:27,028] {scheduler_job.py:162} INFO - Processing /home/thomaz/airflow/dags/treino02.py took 0.211 seconds
[2020-11-24 12:17:20,852] {scheduler_job.py:154} INFO - Started process (PID=86133) to work on /home/thomaz/airflow/dags/treino02.py
[2020-11-24 12:17:20,853] {scheduler_job.py:1589} INFO - Processing file /home/thomaz/airflow/dags/treino02.py for tasks to queue
[2020-11-24 12:17:20,853] {logging_mixin.py:112} INFO - [2020-11-24 12:17:20,853] {dagbag.py:417} INFO - Filling up the DagBag from /home/thomaz/airflow/dags/treino02.py
[2020-11-24 12:17:21,026] {scheduler_job.py:1601} INFO - DAG(s) dict_keys(['treino-02']) retrieved from /home/thomaz/airflow/dags/treino02.py
[2020-11-24 12:17:21,038] {scheduler_job.py:162} INFO - Processing /home/thomaz/airflow/dags/treino02.py took 0.186 seconds
[2020-11-24 12:18:14,914] {scheduler_job.py:154} INFO - Started process (PID=86348) to work on /home/thomaz/airflow/dags/treino02.py
[2020-11-24 12:18:14,918] {scheduler_job.py:1589} INFO - Processing file /home/thomaz/airflow/dags/treino02.py for tasks to queue
[2020-11-24 12:18:14,919] {logging_mixin.py:112} INFO - [2020-11-24 12:18:14,918] {dagbag.py:417} INFO - Filling up the DagBag from /home/thomaz/airflow/dags/treino02.py
[2020-11-24 12:18:15,097] {scheduler_job.py:1601} INFO - DAG(s) dict_keys(['treino-02']) retrieved from /home/thomaz/airflow/dags/treino02.py
[2020-11-24 12:18:15,109] {scheduler_job.py:162} INFO - Processing /home/thomaz/airflow/dags/treino02.py took 0.195 seconds
[2020-11-24 12:19:08,967] {scheduler_job.py:154} INFO - Started process (PID=86585) to work on /home/thomaz/airflow/dags/treino02.py
[2020-11-24 12:19:08,968] {scheduler_job.py:1589} INFO - Processing file /home/thomaz/airflow/dags/treino02.py for tasks to queue
[2020-11-24 12:19:08,969] {logging_mixin.py:112} INFO - [2020-11-24 12:19:08,969] {dagbag.py:417} INFO - Filling up the DagBag from /home/thomaz/airflow/dags/treino02.py
[2020-11-24 12:19:09,154] {scheduler_job.py:1601} INFO - DAG(s) dict_keys(['treino-02']) retrieved from /home/thomaz/airflow/dags/treino02.py
[2020-11-24 12:19:09,167] {scheduler_job.py:162} INFO - Processing /home/thomaz/airflow/dags/treino02.py took 0.200 seconds
[2020-11-24 12:20:03,042] {scheduler_job.py:154} INFO - Started process (PID=86829) to work on /home/thomaz/airflow/dags/treino02.py
[2020-11-24 12:20:03,047] {scheduler_job.py:1589} INFO - Processing file /home/thomaz/airflow/dags/treino02.py for tasks to queue
[2020-11-24 12:20:03,048] {logging_mixin.py:112} INFO - [2020-11-24 12:20:03,048] {dagbag.py:417} INFO - Filling up the DagBag from /home/thomaz/airflow/dags/treino02.py
[2020-11-24 12:20:03,253] {scheduler_job.py:1601} INFO - DAG(s) dict_keys(['treino-02']) retrieved from /home/thomaz/airflow/dags/treino02.py
[2020-11-24 12:20:03,267] {scheduler_job.py:162} INFO - Processing /home/thomaz/airflow/dags/treino02.py took 0.225 seconds
[2020-11-24 12:20:57,066] {scheduler_job.py:154} INFO - Started process (PID=87022) to work on /home/thomaz/airflow/dags/treino02.py
[2020-11-24 12:20:57,067] {scheduler_job.py:1589} INFO - Processing file /home/thomaz/airflow/dags/treino02.py for tasks to queue
[2020-11-24 12:20:57,068] {logging_mixin.py:112} INFO - [2020-11-24 12:20:57,068] {dagbag.py:417} INFO - Filling up the DagBag from /home/thomaz/airflow/dags/treino02.py
[2020-11-24 12:20:57,302] {scheduler_job.py:1601} INFO - DAG(s) dict_keys(['treino-02']) retrieved from /home/thomaz/airflow/dags/treino02.py
[2020-11-24 12:20:57,316] {scheduler_job.py:162} INFO - Processing /home/thomaz/airflow/dags/treino02.py took 0.250 seconds
[2020-11-24 12:21:51,133] {scheduler_job.py:154} INFO - Started process (PID=87287) to work on /home/thomaz/airflow/dags/treino02.py
[2020-11-24 12:21:51,138] {scheduler_job.py:1589} INFO - Processing file /home/thomaz/airflow/dags/treino02.py for tasks to queue
[2020-11-24 12:21:51,139] {logging_mixin.py:112} INFO - [2020-11-24 12:21:51,139] {dagbag.py:417} INFO - Filling up the DagBag from /home/thomaz/airflow/dags/treino02.py
[2020-11-24 12:21:51,359] {scheduler_job.py:1601} INFO - DAG(s) dict_keys(['treino-02']) retrieved from /home/thomaz/airflow/dags/treino02.py
[2020-11-24 12:21:51,375] {scheduler_job.py:162} INFO - Processing /home/thomaz/airflow/dags/treino02.py took 0.243 seconds
[2020-11-24 12:22:45,202] {scheduler_job.py:154} INFO - Started process (PID=87670) to work on /home/thomaz/airflow/dags/treino02.py
[2020-11-24 12:22:45,208] {scheduler_job.py:1589} INFO - Processing file /home/thomaz/airflow/dags/treino02.py for tasks to queue
[2020-11-24 12:22:45,208] {logging_mixin.py:112} INFO - [2020-11-24 12:22:45,208] {dagbag.py:417} INFO - Filling up the DagBag from /home/thomaz/airflow/dags/treino02.py
[2020-11-24 12:22:45,416] {scheduler_job.py:1601} INFO - DAG(s) dict_keys(['treino-02']) retrieved from /home/thomaz/airflow/dags/treino02.py
[2020-11-24 12:22:45,430] {scheduler_job.py:162} INFO - Processing /home/thomaz/airflow/dags/treino02.py took 0.227 seconds
[2020-11-24 12:23:39,240] {scheduler_job.py:154} INFO - Started process (PID=87859) to work on /home/thomaz/airflow/dags/treino02.py
[2020-11-24 12:23:39,245] {scheduler_job.py:1589} INFO - Processing file /home/thomaz/airflow/dags/treino02.py for tasks to queue
[2020-11-24 12:23:39,246] {logging_mixin.py:112} INFO - [2020-11-24 12:23:39,246] {dagbag.py:417} INFO - Filling up the DagBag from /home/thomaz/airflow/dags/treino02.py
[2020-11-24 12:23:39,457] {scheduler_job.py:1601} INFO - DAG(s) dict_keys(['treino-02']) retrieved from /home/thomaz/airflow/dags/treino02.py
[2020-11-24 12:23:39,470] {scheduler_job.py:162} INFO - Processing /home/thomaz/airflow/dags/treino02.py took 0.230 seconds
[2020-11-24 12:24:33,285] {scheduler_job.py:154} INFO - Started process (PID=88059) to work on /home/thomaz/airflow/dags/treino02.py
[2020-11-24 12:24:33,287] {scheduler_job.py:1589} INFO - Processing file /home/thomaz/airflow/dags/treino02.py for tasks to queue
[2020-11-24 12:24:33,287] {logging_mixin.py:112} INFO - [2020-11-24 12:24:33,287] {dagbag.py:417} INFO - Filling up the DagBag from /home/thomaz/airflow/dags/treino02.py
[2020-11-24 12:24:33,460] {scheduler_job.py:1601} INFO - DAG(s) dict_keys(['treino-02']) retrieved from /home/thomaz/airflow/dags/treino02.py
[2020-11-24 12:24:33,474] {scheduler_job.py:162} INFO - Processing /home/thomaz/airflow/dags/treino02.py took 0.189 seconds
[2020-11-24 12:25:27,350] {scheduler_job.py:154} INFO - Started process (PID=88778) to work on /home/thomaz/airflow/dags/treino02.py
[2020-11-24 12:25:27,357] {scheduler_job.py:1589} INFO - Processing file /home/thomaz/airflow/dags/treino02.py for tasks to queue
[2020-11-24 12:25:27,357] {logging_mixin.py:112} INFO - [2020-11-24 12:25:27,357] {dagbag.py:417} INFO - Filling up the DagBag from /home/thomaz/airflow/dags/treino02.py
[2020-11-24 12:25:27,613] {scheduler_job.py:1601} INFO - DAG(s) dict_keys(['treino-02']) retrieved from /home/thomaz/airflow/dags/treino02.py
[2020-11-24 12:25:27,628] {scheduler_job.py:162} INFO - Processing /home/thomaz/airflow/dags/treino02.py took 0.278 seconds
[2020-11-24 12:26:21,400] {scheduler_job.py:154} INFO - Started process (PID=88973) to work on /home/thomaz/airflow/dags/treino02.py
[2020-11-24 12:26:21,406] {scheduler_job.py:1589} INFO - Processing file /home/thomaz/airflow/dags/treino02.py for tasks to queue
[2020-11-24 12:26:21,407] {logging_mixin.py:112} INFO - [2020-11-24 12:26:21,407] {dagbag.py:417} INFO - Filling up the DagBag from /home/thomaz/airflow/dags/treino02.py
[2020-11-24 12:26:21,621] {scheduler_job.py:1601} INFO - DAG(s) dict_keys(['treino-02']) retrieved from /home/thomaz/airflow/dags/treino02.py
[2020-11-24 12:26:21,635] {scheduler_job.py:162} INFO - Processing /home/thomaz/airflow/dags/treino02.py took 0.235 seconds
