[2020-11-24 12:03:15,627] {taskinstance.py:670} INFO - Dependencies all met for <TaskInstance: treino-02.get-data 2020-11-24T11:38:00+00:00 [queued]>
[2020-11-24 12:03:15,634] {taskinstance.py:670} INFO - Dependencies all met for <TaskInstance: treino-02.get-data 2020-11-24T11:38:00+00:00 [queued]>
[2020-11-24 12:03:15,635] {taskinstance.py:880} INFO - 
--------------------------------------------------------------------------------
[2020-11-24 12:03:15,635] {taskinstance.py:881} INFO - Starting attempt 1 of 2
[2020-11-24 12:03:15,635] {taskinstance.py:882} INFO - 
--------------------------------------------------------------------------------
[2020-11-24 12:03:15,643] {taskinstance.py:901} INFO - Executing <Task(BashOperator): get-data> on 2020-11-24T11:38:00+00:00
[2020-11-24 12:03:15,645] {standard_task_runner.py:54} INFO - Started process 82487 to run task
[2020-11-24 12:03:15,667] {standard_task_runner.py:77} INFO - Running: ['airflow', 'run', 'treino-02', 'get-data', '2020-11-24T11:38:00+00:00', '--job_id', '76', '--pool', 'default_pool', '--raw', '-sd', 'DAGS_FOLDER/treino02.py', '--cfg_path', '/tmp/tmp33d3gtkg']
[2020-11-24 12:03:15,667] {standard_task_runner.py:78} INFO - Job 76: Subtask get-data
[2020-11-24 12:03:15,748] {logging_mixin.py:112} INFO - Running %s on host %s <TaskInstance: treino-02.get-data 2020-11-24T11:38:00+00:00 [running]> gaming
[2020-11-24 12:03:15,762] {bash_operator.py:113} INFO - Tmp dir root location: 
 /tmp
[2020-11-24 12:03:15,763] {bash_operator.py:134} INFO - Temporary script location: /tmp/airflowtmpa2j67tov/get-datazpl4j5c5
[2020-11-24 12:03:15,763] {bash_operator.py:146} INFO - Running command: curl https://raw.githubusercontent.com/A3Data/hermione/master/hermione/file_text/train.csv -o ~/airflow/raw/train.csv
[2020-11-24 12:03:15,768] {bash_operator.py:153} INFO - Output:
[2020-11-24 12:03:15,772] {bash_operator.py:157} INFO -   % Total    % Received % Xferd  Average Speed   Time    Time     Time  Current
[2020-11-24 12:03:15,772] {bash_operator.py:157} INFO -                                  Dload  Upload   Total   Spent    Left  Speed
[2020-11-24 12:03:16,015] {bash_operator.py:157} INFO -   0     0    0     0    0     0      0      0 --:--:-- --:--:-- --:--:--     0100 60301  100 60301    0     0   243k      0 --:--:-- --:--:-- --:--:--  243k
[2020-11-24 12:03:16,020] {bash_operator.py:159} INFO - Command exited with return code 0
[2020-11-24 12:03:16,038] {taskinstance.py:1057} INFO - Marking task as SUCCESS.dag_id=treino-02, task_id=get-data, execution_date=20201124T113800, start_date=20201124T150315, end_date=20201124T150316
[2020-11-24 12:03:20,614] {local_task_job.py:102} INFO - Task exited with return code 0
