[2020-11-24 09:13:24,612] {taskinstance.py:670} INFO - Dependencies all met for <TaskInstance: treino-01.Hello_Bash 2020-11-24T11:16:00+00:00 [queued]>
[2020-11-24 09:13:24,620] {taskinstance.py:670} INFO - Dependencies all met for <TaskInstance: treino-01.Hello_Bash 2020-11-24T11:16:00+00:00 [queued]>
[2020-11-24 09:13:24,620] {taskinstance.py:880} INFO - 
--------------------------------------------------------------------------------
[2020-11-24 09:13:24,620] {taskinstance.py:881} INFO - Starting attempt 1 of 2
[2020-11-24 09:13:24,620] {taskinstance.py:882} INFO - 
--------------------------------------------------------------------------------
[2020-11-24 09:13:24,628] {taskinstance.py:901} INFO - Executing <Task(BashOperator): Hello_Bash> on 2020-11-24T11:16:00+00:00
[2020-11-24 09:13:24,631] {standard_task_runner.py:54} INFO - Started process 38664 to run task
[2020-11-24 09:13:24,652] {standard_task_runner.py:77} INFO - Running: ['airflow', 'run', 'treino-01', 'Hello_Bash', '2020-11-24T11:16:00+00:00', '--job_id', '19', '--pool', 'default_pool', '--raw', '-sd', 'DAGS_FOLDER/treino01.py', '--cfg_path', '/tmp/tmpp9n7c57w']
[2020-11-24 09:13:24,652] {standard_task_runner.py:78} INFO - Job 19: Subtask Hello_Bash
[2020-11-24 09:13:24,671] {logging_mixin.py:112} INFO - Running %s on host %s <TaskInstance: treino-01.Hello_Bash 2020-11-24T11:16:00+00:00 [running]> gaming
[2020-11-24 09:13:24,681] {bash_operator.py:113} INFO - Tmp dir root location: 
 /tmp
[2020-11-24 09:13:24,682] {bash_operator.py:134} INFO - Temporary script location: /tmp/airflowtmpo4k9kz18/Hello_Bash_w9rl3am
[2020-11-24 09:13:24,682] {bash_operator.py:146} INFO - Running command: echo "Hello Airflow from Bash"
[2020-11-24 09:13:24,687] {bash_operator.py:153} INFO - Output:
[2020-11-24 09:13:24,688] {bash_operator.py:157} INFO - Hello Airflow from Bash
[2020-11-24 09:13:24,689] {bash_operator.py:159} INFO - Command exited with return code 0
[2020-11-24 09:13:24,693] {taskinstance.py:1057} INFO - Marking task as SUCCESS.dag_id=treino-01, task_id=Hello_Bash, execution_date=20201124T111600, start_date=20201124T121324, end_date=20201124T121324
[2020-11-24 09:13:29,617] {local_task_job.py:102} INFO - Task exited with return code 0
