[2020-11-24 11:53:51,330] {taskinstance.py:670} INFO - Dependencies all met for <TaskInstance: treino-02.get-data 2020-11-24T11:22:00+00:00 [queued]>
[2020-11-24 11:53:51,337] {taskinstance.py:670} INFO - Dependencies all met for <TaskInstance: treino-02.get-data 2020-11-24T11:22:00+00:00 [queued]>
[2020-11-24 11:53:51,337] {taskinstance.py:880} INFO - 
--------------------------------------------------------------------------------
[2020-11-24 11:53:51,337] {taskinstance.py:881} INFO - Starting attempt 1 of 2
[2020-11-24 11:53:51,337] {taskinstance.py:882} INFO - 
--------------------------------------------------------------------------------
[2020-11-24 11:53:51,346] {taskinstance.py:901} INFO - Executing <Task(BashOperator): get-data> on 2020-11-24T11:22:00+00:00
[2020-11-24 11:53:51,348] {standard_task_runner.py:54} INFO - Started process 80096 to run task
[2020-11-24 11:53:51,367] {standard_task_runner.py:77} INFO - Running: ['airflow', 'run', 'treino-02', 'get-data', '2020-11-24T11:22:00+00:00', '--job_id', '54', '--pool', 'default_pool', '--raw', '-sd', 'DAGS_FOLDER/treino02.py', '--cfg_path', '/tmp/tmpv724tdmp']
[2020-11-24 11:53:51,368] {standard_task_runner.py:78} INFO - Job 54: Subtask get-data
[2020-11-24 11:53:51,442] {logging_mixin.py:112} INFO - Running %s on host %s <TaskInstance: treino-02.get-data 2020-11-24T11:22:00+00:00 [running]> gaming
[2020-11-24 11:53:51,453] {bash_operator.py:113} INFO - Tmp dir root location: 
 /tmp
[2020-11-24 11:53:51,454] {bash_operator.py:134} INFO - Temporary script location: /tmp/airflowtmpd10c_mpk/get-dataryn0_7ga
[2020-11-24 11:53:51,454] {bash_operator.py:146} INFO - Running command: curl https://raw.githubusercontent.com/A3Data/hermione/master/hermione/file_text/train.csv -o ~/airflow/raw/train.csv
[2020-11-24 11:53:51,459] {bash_operator.py:153} INFO - Output:
[2020-11-24 11:53:51,464] {bash_operator.py:157} INFO -   % Total    % Received % Xferd  Average Speed   Time    Time     Time  Current
[2020-11-24 11:53:51,464] {bash_operator.py:157} INFO -                                  Dload  Upload   Total   Spent    Left  Speed
[2020-11-24 11:53:51,613] {bash_operator.py:157} INFO -   0     0    0     0    0     0      0      0 --:--:-- --:--:-- --:--:--     0100 60301  100 60301    0     0   397k      0 --:--:-- --:--:-- --:--:--  400k
[2020-11-24 11:53:51,618] {bash_operator.py:159} INFO - Command exited with return code 0
[2020-11-24 11:53:51,635] {taskinstance.py:1057} INFO - Marking task as SUCCESS.dag_id=treino-02, task_id=get-data, execution_date=20201124T112200, start_date=20201124T145351, end_date=20201124T145351
[2020-11-24 11:53:56,330] {local_task_job.py:102} INFO - Task exited with return code 0
