[2020-11-24 11:54:57,283] {taskinstance.py:670} INFO - Dependencies all met for <TaskInstance: treino-02.get-data 2020-11-24T11:24:00+00:00 [queued]>
[2020-11-24 11:54:57,291] {taskinstance.py:670} INFO - Dependencies all met for <TaskInstance: treino-02.get-data 2020-11-24T11:24:00+00:00 [queued]>
[2020-11-24 11:54:57,292] {taskinstance.py:880} INFO - 
--------------------------------------------------------------------------------
[2020-11-24 11:54:57,292] {taskinstance.py:881} INFO - Starting attempt 1 of 2
[2020-11-24 11:54:57,292] {taskinstance.py:882} INFO - 
--------------------------------------------------------------------------------
[2020-11-24 11:54:57,300] {taskinstance.py:901} INFO - Executing <Task(BashOperator): get-data> on 2020-11-24T11:24:00+00:00
[2020-11-24 11:54:57,301] {standard_task_runner.py:54} INFO - Started process 80406 to run task
[2020-11-24 11:54:57,320] {standard_task_runner.py:77} INFO - Running: ['airflow', 'run', 'treino-02', 'get-data', '2020-11-24T11:24:00+00:00', '--job_id', '56', '--pool', 'default_pool', '--raw', '-sd', 'DAGS_FOLDER/treino02.py', '--cfg_path', '/tmp/tmpri2svp7o']
[2020-11-24 11:54:57,321] {standard_task_runner.py:78} INFO - Job 56: Subtask get-data
[2020-11-24 11:54:57,400] {logging_mixin.py:112} INFO - Running %s on host %s <TaskInstance: treino-02.get-data 2020-11-24T11:24:00+00:00 [running]> gaming
[2020-11-24 11:54:57,412] {bash_operator.py:113} INFO - Tmp dir root location: 
 /tmp
[2020-11-24 11:54:57,413] {bash_operator.py:134} INFO - Temporary script location: /tmp/airflowtmpqndh6bco/get-dataim36jcko
[2020-11-24 11:54:57,413] {bash_operator.py:146} INFO - Running command: curl https://raw.githubusercontent.com/A3Data/hermione/master/hermione/file_text/train.csv -o ~/airflow/raw/train.csv
[2020-11-24 11:54:57,418] {bash_operator.py:153} INFO - Output:
[2020-11-24 11:54:57,422] {bash_operator.py:157} INFO -   % Total    % Received % Xferd  Average Speed   Time    Time     Time  Current
[2020-11-24 11:54:57,422] {bash_operator.py:157} INFO -                                  Dload  Upload   Total   Spent    Left  Speed
[2020-11-24 11:54:57,599] {bash_operator.py:157} INFO -   0     0    0     0    0     0      0      0 --:--:-- --:--:-- --:--:--     0100 60301  100 60301    0     0   334k      0 --:--:-- --:--:-- --:--:--  334k
[2020-11-24 11:54:57,604] {bash_operator.py:159} INFO - Command exited with return code 0
[2020-11-24 11:54:57,621] {taskinstance.py:1057} INFO - Marking task as SUCCESS.dag_id=treino-02, task_id=get-data, execution_date=20201124T112400, start_date=20201124T145457, end_date=20201124T145457
[2020-11-24 11:55:02,286] {local_task_job.py:102} INFO - Task exited with return code 0
