[2020-11-24 21:38:45,628] {taskinstance.py:670} INFO - Dependencies all met for <TaskInstance: treino-06-MySQL.join_data 2020-11-25T00:30:29.657679+00:00 [queued]>
[2020-11-24 21:38:45,638] {taskinstance.py:670} INFO - Dependencies all met for <TaskInstance: treino-06-MySQL.join_data 2020-11-25T00:30:29.657679+00:00 [queued]>
[2020-11-24 21:38:45,638] {taskinstance.py:880} INFO - 
--------------------------------------------------------------------------------
[2020-11-24 21:38:45,638] {taskinstance.py:881} INFO - Starting attempt 1 of 1
[2020-11-24 21:38:45,638] {taskinstance.py:882} INFO - 
--------------------------------------------------------------------------------
[2020-11-24 21:38:45,646] {taskinstance.py:901} INFO - Executing <Task(PythonOperator): join_data> on 2020-11-25T00:30:29.657679+00:00
[2020-11-24 21:38:45,648] {standard_task_runner.py:54} INFO - Started process 250332 to run task
[2020-11-24 21:38:45,715] {standard_task_runner.py:77} INFO - Running: ['airflow', 'run', 'treino-06-MySQL', 'join_data', '2020-11-25T00:30:29.657679+00:00', '--job_id', '112', '--pool', 'default_pool', '--raw', '-sd', 'DAGS_FOLDER/treino06_mysql.py', '--cfg_path', '/tmp/tmp388esqc6']
[2020-11-24 21:38:45,716] {standard_task_runner.py:78} INFO - Job 112: Subtask join_data
[2020-11-24 21:38:45,733] {logging_mixin.py:112} INFO - Running %s on host %s <TaskInstance: treino-06-MySQL.join_data 2020-11-25T00:30:29.657679+00:00 [running]> gaming
[2020-11-24 21:38:49,615] {logging_mixin.py:112} INFO -         CO_GRUPO  NU_IDADE TP_SEXO  NT_GER  NT_FG  NT_CE  ...     idade2  estcivil      cor escopai escomae  renda
0           5710        27       M    51.9   36.5   57.0  ...   0.648621    Outros  Amarela     3.0     4.0    1.0
1           5710        26       M    54.2   44.3   57.5  ...   0.037881  Solteiro   Branca     4.0     3.0    4.0
2           5710        24       M    42.1   49.9   39.5  ...   4.816400  Solteiro    Parda     5.0     5.0    4.0
3           5710        26       M    49.3   40.3   52.3  ...   0.037881  Solteiro   Branca     4.0     4.0    2.0
4           5710        24       M    49.6   59.6   46.2  ...   4.816400  Solteiro   Branca     4.0     4.0    4.0
...          ...       ...     ...     ...    ...    ...  ...        ...       ...      ...     ...     ...    ...
364343        95        25       F    63.5   43.7   70.1  ...   1.427141       NaN   Branca     NaN     NaN    NaN
364344        95        22       F    56.0   34.0   63.3  ...  17.594920       NaN   Branca     NaN     NaN    NaN
364345        95        30       F    39.4   12.8   48.2  ...  14.480842       NaN   Branca     NaN     NaN    NaN
364346        95        21       F    53.9   43.7   57.3  ...  26.984179       NaN   Branca     NaN     NaN    NaN
364347        95        30       F    57.7   45.1   61.9  ...  14.480842       NaN   Branca     NaN     NaN    NaN

[364348 rows x 18 columns]
[2020-11-24 21:38:49,628] {python_operator.py:114} INFO - Done. Returned value was: None
[2020-11-24 21:38:49,631] {taskinstance.py:1057} INFO - Marking task as SUCCESS.dag_id=treino-06-MySQL, task_id=join_data, execution_date=20201125T003029, start_date=20201125T003845, end_date=20201125T003849
[2020-11-24 21:38:50,631] {local_task_job.py:102} INFO - Task exited with return code 0
