[2020-11-24 09:08:06,729] {taskinstance.py:670} INFO - Dependencies all met for <TaskInstance: treino-01.Hello_Bash 2020-11-24T11:06:00+00:00 [queued]>
[2020-11-24 09:08:06,737] {taskinstance.py:670} INFO - Dependencies all met for <TaskInstance: treino-01.Hello_Bash 2020-11-24T11:06:00+00:00 [queued]>
[2020-11-24 09:08:06,737] {taskinstance.py:880} INFO - 
--------------------------------------------------------------------------------
[2020-11-24 09:08:06,737] {taskinstance.py:881} INFO - Starting attempt 1 of 2
[2020-11-24 09:08:06,737] {taskinstance.py:882} INFO - 
--------------------------------------------------------------------------------
[2020-11-24 09:08:06,745] {taskinstance.py:901} INFO - Executing <Task(BashOperator): Hello_Bash> on 2020-11-24T11:06:00+00:00
[2020-11-24 09:08:06,746] {standard_task_runner.py:54} INFO - Started process 37133 to run task
[2020-11-24 09:08:06,766] {standard_task_runner.py:77} INFO - Running: ['airflow', 'run', 'treino-01', 'Hello_Bash', '2020-11-24T11:06:00+00:00', '--job_id', '9', '--pool', 'default_pool', '--raw', '-sd', 'DAGS_FOLDER/treino01.py', '--cfg_path', '/tmp/tmpao5bhrf1']
[2020-11-24 09:08:06,766] {standard_task_runner.py:78} INFO - Job 9: Subtask Hello_Bash
[2020-11-24 09:08:06,786] {logging_mixin.py:112} INFO - Running %s on host %s <TaskInstance: treino-01.Hello_Bash 2020-11-24T11:06:00+00:00 [running]> gaming
[2020-11-24 09:08:06,795] {bash_operator.py:113} INFO - Tmp dir root location: 
 /tmp
[2020-11-24 09:08:06,796] {bash_operator.py:134} INFO - Temporary script location: /tmp/airflowtmpket4q4ti/Hello_Bashj2kanh9v
[2020-11-24 09:08:06,796] {bash_operator.py:146} INFO - Running command: echo "Hello Airflow from Bash"
[2020-11-24 09:08:06,801] {bash_operator.py:153} INFO - Output:
[2020-11-24 09:08:06,802] {bash_operator.py:157} INFO - Hello Airflow from Bash
[2020-11-24 09:08:06,802] {bash_operator.py:159} INFO - Command exited with return code 0
[2020-11-24 09:08:06,807] {taskinstance.py:1057} INFO - Marking task as SUCCESS.dag_id=treino-01, task_id=Hello_Bash, execution_date=20201124T110600, start_date=20201124T120806, end_date=20201124T120806
[2020-11-24 09:08:11,728] {local_task_job.py:102} INFO - Task exited with return code 0
