[2020-11-24 11:48:49,238] {taskinstance.py:670} INFO - Dependencies all met for <TaskInstance: treino-02.get-data 2020-11-24T11:10:00+00:00 [queued]>
[2020-11-24 11:48:49,246] {taskinstance.py:670} INFO - Dependencies all met for <TaskInstance: treino-02.get-data 2020-11-24T11:10:00+00:00 [queued]>
[2020-11-24 11:48:49,247] {taskinstance.py:880} INFO - 
--------------------------------------------------------------------------------
[2020-11-24 11:48:49,247] {taskinstance.py:881} INFO - Starting attempt 2 of 2
[2020-11-24 11:48:49,247] {taskinstance.py:882} INFO - 
--------------------------------------------------------------------------------
[2020-11-24 11:48:49,255] {taskinstance.py:901} INFO - Executing <Task(BashOperator): get-data> on 2020-11-24T11:10:00+00:00
[2020-11-24 11:48:49,256] {standard_task_runner.py:54} INFO - Started process 78785 to run task
[2020-11-24 11:48:49,274] {standard_task_runner.py:77} INFO - Running: ['airflow', 'run', 'treino-02', 'get-data', '2020-11-24T11:10:00+00:00', '--job_id', '40', '--pool', 'default_pool', '--raw', '-sd', 'DAGS_FOLDER/treino02.py', '--cfg_path', '/tmp/tmp7y9z3u_q']
[2020-11-24 11:48:49,275] {standard_task_runner.py:78} INFO - Job 40: Subtask get-data
[2020-11-24 11:48:49,357] {logging_mixin.py:112} INFO - Running %s on host %s <TaskInstance: treino-02.get-data 2020-11-24T11:10:00+00:00 [running]> gaming
[2020-11-24 11:48:49,368] {bash_operator.py:113} INFO - Tmp dir root location: 
 /tmp
[2020-11-24 11:48:49,369] {bash_operator.py:134} INFO - Temporary script location: /tmp/airflowtmppkggzok_/get-datanry5ni6w
[2020-11-24 11:48:49,369] {bash_operator.py:146} INFO - Running command: curl https://raw.githubusercontent.com/A3Data/hermione/master/hermione/file_text/train.csv -o ~/airflow/raw/train.csv
[2020-11-24 11:48:49,373] {bash_operator.py:153} INFO - Output:
[2020-11-24 11:48:49,378] {bash_operator.py:157} INFO -   % Total    % Received % Xferd  Average Speed   Time    Time     Time  Current
[2020-11-24 11:48:49,378] {bash_operator.py:157} INFO -                                  Dload  Upload   Total   Spent    Left  Speed
[2020-11-24 11:48:49,493] {bash_operator.py:157} INFO -   0     0    0     0    0     0      0      0 --:--:-- --:--:-- --:--:--     0100 60301  100 60301    0     0   516k      0 --:--:-- --:--:-- --:--:--  516k
[2020-11-24 11:48:49,498] {bash_operator.py:159} INFO - Command exited with return code 0
[2020-11-24 11:48:49,515] {taskinstance.py:1057} INFO - Marking task as SUCCESS.dag_id=treino-02, task_id=get-data, execution_date=20201124T111000, start_date=20201124T144849, end_date=20201124T144849
[2020-11-24 11:48:54,243] {local_task_job.py:102} INFO - Task exited with return code 0
