[2020-11-24 09:11:17,393] {taskinstance.py:670} INFO - Dependencies all met for <TaskInstance: treino-01.Hello_Bash 2020-11-24T11:12:00+00:00 [queued]>
[2020-11-24 09:11:17,400] {taskinstance.py:670} INFO - Dependencies all met for <TaskInstance: treino-01.Hello_Bash 2020-11-24T11:12:00+00:00 [queued]>
[2020-11-24 09:11:17,400] {taskinstance.py:880} INFO - 
--------------------------------------------------------------------------------
[2020-11-24 09:11:17,400] {taskinstance.py:881} INFO - Starting attempt 1 of 2
[2020-11-24 09:11:17,400] {taskinstance.py:882} INFO - 
--------------------------------------------------------------------------------
[2020-11-24 09:11:17,411] {taskinstance.py:901} INFO - Executing <Task(BashOperator): Hello_Bash> on 2020-11-24T11:12:00+00:00
[2020-11-24 09:11:17,413] {standard_task_runner.py:54} INFO - Started process 37932 to run task
[2020-11-24 09:11:17,430] {standard_task_runner.py:77} INFO - Running: ['airflow', 'run', 'treino-01', 'Hello_Bash', '2020-11-24T11:12:00+00:00', '--job_id', '15', '--pool', 'default_pool', '--raw', '-sd', 'DAGS_FOLDER/treino01.py', '--cfg_path', '/tmp/tmpzqav3qfi']
[2020-11-24 09:11:17,431] {standard_task_runner.py:78} INFO - Job 15: Subtask Hello_Bash
[2020-11-24 09:11:17,450] {logging_mixin.py:112} INFO - Running %s on host %s <TaskInstance: treino-01.Hello_Bash 2020-11-24T11:12:00+00:00 [running]> gaming
[2020-11-24 09:11:17,459] {bash_operator.py:113} INFO - Tmp dir root location: 
 /tmp
[2020-11-24 09:11:17,460] {bash_operator.py:134} INFO - Temporary script location: /tmp/airflowtmpc7wh93x1/Hello_Bashos5ckmp0
[2020-11-24 09:11:17,460] {bash_operator.py:146} INFO - Running command: echo "Hello Airflow from Bash"
[2020-11-24 09:11:17,464] {bash_operator.py:153} INFO - Output:
[2020-11-24 09:11:17,465] {bash_operator.py:157} INFO - Hello Airflow from Bash
[2020-11-24 09:11:17,465] {bash_operator.py:159} INFO - Command exited with return code 0
[2020-11-24 09:11:17,470] {taskinstance.py:1057} INFO - Marking task as SUCCESS.dag_id=treino-01, task_id=Hello_Bash, execution_date=20201124T111200, start_date=20201124T121117, end_date=20201124T121117
[2020-11-24 09:11:22,393] {local_task_job.py:102} INFO - Task exited with return code 0
