[2020-11-24 09:51:17,776] {taskinstance.py:670} INFO - Dependencies all met for <TaskInstance: treino-01.Hello_Bash 2020-11-24T11:22:00+00:00 [queued]>
[2020-11-24 09:51:17,785] {taskinstance.py:670} INFO - Dependencies all met for <TaskInstance: treino-01.Hello_Bash 2020-11-24T11:22:00+00:00 [queued]>
[2020-11-24 09:51:17,786] {taskinstance.py:880} INFO - 
--------------------------------------------------------------------------------
[2020-11-24 09:51:17,786] {taskinstance.py:881} INFO - Starting attempt 1 of 2
[2020-11-24 09:51:17,786] {taskinstance.py:882} INFO - 
--------------------------------------------------------------------------------
[2020-11-24 09:51:17,795] {taskinstance.py:901} INFO - Executing <Task(BashOperator): Hello_Bash> on 2020-11-24T11:22:00+00:00
[2020-11-24 09:51:17,796] {standard_task_runner.py:54} INFO - Started process 48609 to run task
[2020-11-24 09:51:17,813] {standard_task_runner.py:77} INFO - Running: ['airflow', 'run', 'treino-01', 'Hello_Bash', '2020-11-24T11:22:00+00:00', '--job_id', '25', '--pool', 'default_pool', '--raw', '-sd', 'DAGS_FOLDER/treino01.py', '--cfg_path', '/tmp/tmppz_k33cx']
[2020-11-24 09:51:17,814] {standard_task_runner.py:78} INFO - Job 25: Subtask Hello_Bash
[2020-11-24 09:51:17,829] {logging_mixin.py:112} INFO - Running %s on host %s <TaskInstance: treino-01.Hello_Bash 2020-11-24T11:22:00+00:00 [running]> gaming
[2020-11-24 09:51:17,838] {bash_operator.py:113} INFO - Tmp dir root location: 
 /tmp
[2020-11-24 09:51:17,839] {bash_operator.py:134} INFO - Temporary script location: /tmp/airflowtmpx0tewygy/Hello_Bashew27wakz
[2020-11-24 09:51:17,839] {bash_operator.py:146} INFO - Running command: echo "Hello Airflow from Bash"
[2020-11-24 09:51:17,843] {bash_operator.py:153} INFO - Output:
[2020-11-24 09:51:17,844] {bash_operator.py:157} INFO - Hello Airflow from Bash
[2020-11-24 09:51:17,844] {bash_operator.py:159} INFO - Command exited with return code 0
[2020-11-24 09:51:17,848] {taskinstance.py:1057} INFO - Marking task as SUCCESS.dag_id=treino-01, task_id=Hello_Bash, execution_date=20201124T112200, start_date=20201124T125117, end_date=20201124T125117
[2020-11-24 09:51:22,779] {local_task_job.py:102} INFO - Task exited with return code 0
